2024-11-24 15:10:09,630 [INFO] Activator:176 - 


2024-11-24 15:10:09,640 [INFO] Activator:177 - !SESSION log4j initialized
2024-11-24 15:10:13,907 [INFO] LogOutputStream:77 - [STDOUT_REDIRECT] 
2024-11-24 15:10:15,373 [INFO] ApplicationProperties:184 - Using Application install path: D:\STMCubeIDE\STM32CubeIDE_1.16.0\STM32CubeIDE\plugins\com.st.stm32cube.common.mx_6.12.0.202406281431
2024-11-24 15:10:15,387 [INFO] DbMcusXml:78 - Set database path to: D:\STMCubeIDE\STM32CubeIDE_1.16.0\STM32CubeIDE\plugins\com.st.stm32cube.common.mx_6.12.0.202406281431\\db\/mcu/
2024-11-24 15:10:15,387 [INFO] ApiDb:274 - Set plugin database path to: D:\STMCubeIDE\STM32CubeIDE_1.16.0\STM32CubeIDE\plugins\com.st.stm32cube.common.mx_6.12.0.202406281431\\db\/plugins/boardmanager/
2024-11-24 15:10:15,388 [WARN] ApiDb:259 - Overriding images path with different value:  => D:\STMCubeIDE\STM32CubeIDE_1.16.0\STM32CubeIDE\plugins\com.st.stm32cube.common.mx_6.12.0.202406281431\\db\/plugins/mcufinder/images/
2024-11-24 15:10:15,394 [INFO] ApiDb:250 - Set database path to: C:\Users\Z_cha\.stmcufinder\plugins\mcufinder//mcu/
2024-11-24 15:10:15,395 [INFO] DbMcusAds:125 - Set database path to: C:\Users\Z_cha\.stmcufinder\plugins\mcufinder//mcu/
2024-11-24 15:10:15,396 [INFO] CrossReferenceDbSqlite:203 - Set database path to: C:\Users\Z_cha\.stmcufinder\plugins\mcufinder//mcu/cs/
2024-11-24 15:10:15,487 [INFO] RulesReader:64 - Compatibility file has been processed (297 Rules)
2024-11-24 15:10:15,545 [INFO] DbMcusXml:78 - Set database path to: D:\STMCubeIDE\STM32CubeIDE_1.16.0\STM32CubeIDE\plugins\com.st.stm32cube.common.mx_6.12.0.202406281431\\db\/mcu/
2024-11-24 15:10:15,545 [INFO] ApiDb:274 - Set plugin database path to: D:\STMCubeIDE\STM32CubeIDE_1.16.0\STM32CubeIDE\plugins\com.st.stm32cube.common.mx_6.12.0.202406281431\\db\/plugins/boardmanager/
2024-11-24 15:10:15,546 [INFO] ApiDb:261 - Set plugin images path to: D:\STMCubeIDE\STM32CubeIDE_1.16.0\STM32CubeIDE\plugins\com.st.stm32cube.common.mx_6.12.0.202406281431\\db\/plugins/mcufinder/images/
2024-11-24 15:10:15,546 [WARN] DbFile:41 - Overriding database path with different value: C:\Users\Z_cha\.stmcufinder\plugins\mcufinder/ => C:\Users\Z_cha\.stmcufinder\plugins\mcufinder
2024-11-24 15:10:15,546 [INFO] ApiDb:250 - Set database path to: C:\Users\Z_cha\.stmcufinder\plugins\mcufinder//mcu/
2024-11-24 15:10:15,546 [WARN] DbFile:41 - Overriding database path with different value: C:\Users\Z_cha\.stmcufinder\plugins\mcufinder/ => C:\Users\Z_cha\.stmcufinder\plugins\mcufinder
2024-11-24 15:10:15,546 [INFO] DbMcusAds:125 - Set database path to: C:\Users\Z_cha\.stmcufinder\plugins\mcufinder//mcu/
2024-11-24 15:10:15,546 [WARN] DbFile:41 - Overriding database path with different value: C:\Users\Z_cha\.stmcufinder\plugins\mcufinder/ => C:\Users\Z_cha\.stmcufinder\plugins\mcufinder
2024-11-24 15:10:15,546 [WARN] DbFile:41 - Overriding database path with different value: C:\Users\Z_cha\.stmcufinder\plugins\mcufinder/ => C:\Users\Z_cha\.stmcufinder\plugins\mcufinder
2024-11-24 15:10:15,547 [INFO] CrossReferenceDbSqlite:203 - Set database path to: C:\Users\Z_cha\.stmcufinder\plugins\mcufinder//mcu/cs/
2024-11-24 15:10:15,626 [INFO] MainPanel:268 - HeapMemory: 268435456
2024-11-24 15:10:15,733 [INFO] DbMcusXml:78 - Set database path to: D:\STMCubeIDE\STM32CubeIDE_1.16.0\STM32CubeIDE\plugins\com.st.stm32cube.common.mx_6.12.0.202406281431\\db\/mcu/
2024-11-24 15:10:15,733 [INFO] ApiDb:274 - Set plugin database path to: D:\STMCubeIDE\STM32CubeIDE_1.16.0\STM32CubeIDE\plugins\com.st.stm32cube.common.mx_6.12.0.202406281431\\db\/plugins/boardmanager/
2024-11-24 15:10:15,733 [INFO] ApiDb:261 - Set plugin images path to: D:\STMCubeIDE\STM32CubeIDE_1.16.0\STM32CubeIDE\plugins\com.st.stm32cube.common.mx_6.12.0.202406281431\\db\/plugins/mcufinder/images/
2024-11-24 15:10:15,733 [WARN] DbFile:41 - Overriding database path with different value: C:\Users\Z_cha\.stmcufinder\plugins\mcufinder/ => C:\Users\Z_cha\.stmcufinder\plugins\mcufinder
2024-11-24 15:10:15,733 [INFO] ApiDb:250 - Set database path to: C:\Users\Z_cha\.stmcufinder\plugins\mcufinder//mcu/
2024-11-24 15:10:15,733 [WARN] DbFile:41 - Overriding database path with different value: C:\Users\Z_cha\.stmcufinder\plugins\mcufinder/ => C:\Users\Z_cha\.stmcufinder\plugins\mcufinder
2024-11-24 15:10:15,733 [INFO] DbMcusAds:125 - Set database path to: C:\Users\Z_cha\.stmcufinder\plugins\mcufinder//mcu/
2024-11-24 15:10:15,733 [WARN] DbFile:41 - Overriding database path with different value: C:\Users\Z_cha\.stmcufinder\plugins\mcufinder/ => C:\Users\Z_cha\.stmcufinder\plugins\mcufinder
2024-11-24 15:10:15,733 [WARN] DbFile:41 - Overriding database path with different value: C:\Users\Z_cha\.stmcufinder\plugins\mcufinder/ => C:\Users\Z_cha\.stmcufinder\plugins\mcufinder
2024-11-24 15:10:15,733 [INFO] CrossReferenceDbSqlite:203 - Set database path to: C:\Users\Z_cha\.stmcufinder\plugins\mcufinder//mcu/cs/
2024-11-24 15:10:15,747 [INFO] ApplicationProperties:184 - Using Application install path: D:\STMCubeIDE\STM32CubeIDE_1.16.0\STM32CubeIDE\plugins\com.st.stm32cube.common.mx_6.12.0.202406281431
2024-11-24 15:10:15,749 [INFO] PluginManage:196 - Search for loadable plugins [exclusion list=, ]
2024-11-24 15:10:15,750 [INFO] PluginManage:310 - Check plugin analytics
2024-11-24 15:10:15,875 [INFO] AnalyticsPlugin:253 - Accepted Software Licenses: 
2024-11-24 15:10:15,875 [INFO] AnalyticsPlugin:255 - Accepted CMSIS Pack Licenses: 
2024-11-24 15:10:15,875 [INFO] AnalyticsPlugin:257 - Accepted Firmware Licenses: FW.F4.1.28.0
2024-11-24 15:10:15,877 [INFO] PluginManage:359 - Loaded plugin analytics (category:tool,tabindex:-1)
2024-11-24 15:10:15,878 [INFO] PluginManage:310 - Check plugin cadmodel
2024-11-24 15:10:15,882 [INFO] CADModel:105 - Init CAD model plugin
2024-11-24 15:10:15,882 [INFO] PluginManage:359 - Loaded plugin cadmodel (category:power,tabindex:5)
2024-11-24 15:10:15,882 [INFO] PluginManage:310 - Check plugin clock
2024-11-24 15:10:15,889 [INFO] PluginManage:359 - Loaded plugin clock (category:base,tabindex:2)
2024-11-24 15:10:15,889 [INFO] PluginManage:310 - Check plugin ddr
2024-11-24 15:10:15,890 [INFO] PluginManage:359 - Loaded plugin ddr (category:tool,tabindex:6)
2024-11-24 15:10:15,890 [INFO] PluginManage:310 - Check plugin filemanager
2024-11-24 15:10:15,998 [INFO] PluginManage:359 - Loaded plugin filemanager (category:base,tabindex:10)
2024-11-24 15:10:15,998 [INFO] PluginManage:310 - Check plugin ipmanager
2024-11-24 15:10:16,006 [INFO] PluginManage:359 - Loaded plugin ipmanager (category:base,tabindex:5)
2024-11-24 15:10:16,006 [INFO] PluginManage:310 - Check plugin lpbam
2024-11-24 15:10:16,013 [INFO] PluginManage:359 - Loaded plugin lpbam (category:base,tabindex:0)
2024-11-24 15:10:16,013 [INFO] PluginManage:310 - Check plugin memorymap
2024-11-24 15:10:16,028 [INFO] PluginManage:359 - Loaded plugin memorymap (category:base,tabindex:4)
2024-11-24 15:10:16,028 [INFO] PluginManage:310 - Check plugin pinoutandconfiguration
2024-11-24 15:10:16,037 [INFO] PluginManage:359 - Loaded plugin pinoutandconfiguration (category:base,tabindex:1)
2024-11-24 15:10:16,037 [INFO] PluginManage:310 - Check plugin pinoutconfig
2024-11-24 15:10:16,141 [WARN] SupportedApi:132 - Cannot load RTOS API schema: s4s-elt-must-match.1: The content of 'definitions' must match (annotation?, (simpleType | complexType)?, (unique | key | keyref)*)). A problem was found starting at: attribute.
2024-11-24 15:10:16,318 [INFO] PluginManage:359 - Loaded plugin pinoutconfig (category:base,tabindex:0)
2024-11-24 15:10:16,318 [INFO] PluginManage:310 - Check plugin power
2024-11-24 15:10:16,328 [INFO] PluginManage:359 - Loaded plugin power (category:power,tabindex:4)
2024-11-24 15:10:16,328 [INFO] PluginManage:310 - Check plugin projectmanager
2024-11-24 15:10:16,340 [INFO] PluginManage:359 - Loaded plugin projectmanager (category:projectmanager,tabindex:4)
2024-11-24 15:10:16,340 [INFO] PluginManage:310 - Check plugin rif
2024-11-24 15:10:16,346 [INFO] PluginManage:359 - Loaded plugin rif (category:base,tabindex:3)
2024-11-24 15:10:16,346 [INFO] PluginManage:310 - Check plugin thirdparty
2024-11-24 15:10:16,449 [INFO] PluginManage:359 - Loaded plugin thirdparty (category:base,tabindex:-1)
2024-11-24 15:10:16,449 [INFO] PluginManage:310 - Check plugin tools
2024-11-24 15:10:16,449 [WARN] IntegrityCheckThread:84 - waiting for thirdparty lock release [integrity check]
2024-11-24 15:10:16,489 [INFO] IntegrityCheckThread:86 - entering critical section [integrity check]
2024-11-24 15:10:16,490 [INFO] ThirdPartyUpdaterWithRetryManager:70 - Updater plugin not ready yet. [1/15]
2024-11-24 15:10:16,495 [INFO] PluginManage:359 - Loaded plugin tools (category:base,tabindex:7)
2024-11-24 15:10:16,495 [INFO] PluginManage:310 - Check plugin tutovideos
2024-11-24 15:10:16,707 [INFO] PluginManage:359 - Loaded plugin tutovideos (category:base,tabindex:-1)
2024-11-24 15:10:16,708 [INFO] PluginManage:310 - Check plugin updater
2024-11-24 15:10:16,733 [INFO] PluginManage:359 - Loaded plugin updater (category:base,tabindex:12)
2024-11-24 15:10:16,733 [INFO] PluginManage:310 - Check plugin userauth
2024-11-24 15:10:16,742 [INFO] UserAuth:113 - Init User Auth plugin
2024-11-24 15:10:16,742 [INFO] PluginManage:359 - Loaded plugin userauth (category:base,tabindex:14)
2024-11-24 15:10:16,743 [INFO] PluginManage:283 - PluginManage : Loaded plugins [18]
2024-11-24 15:10:16,960 [INFO] PinOutPanel:1561 - setPackage(No Configuration,No Configuration)
2024-11-24 15:10:17,021 [INFO] CADModel:165 - CPN selected for project level
2024-11-24 15:10:17,021 [INFO] CADModel:114 - Register for checkConnection events
2024-11-24 15:10:17,038 [INFO] IPUIPlugin:80 - create IPUIPlugin
2024-11-24 15:10:17,038 [INFO] PluginManager:220 - loadIPPluginJar : add adc
2024-11-24 15:10:17,040 [INFO] IPUIPlugin:80 - create IPUIPlugin
2024-11-24 15:10:17,040 [INFO] PluginManager:220 - loadIPPluginJar : add aes
2024-11-24 15:10:17,042 [INFO] IPUIPlugin:80 - create IPUIPlugin
2024-11-24 15:10:17,043 [INFO] PluginManager:220 - loadIPPluginJar : add can
2024-11-24 15:10:17,044 [INFO] IPUIPlugin:80 - create IPUIPlugin
2024-11-24 15:10:17,044 [INFO] PluginManager:220 - loadIPPluginJar : add comp
2024-11-24 15:10:17,046 [INFO] IPUIPlugin:80 - create IPUIPlugin
2024-11-24 15:10:17,046 [INFO] PluginManager:220 - loadIPPluginJar : add cryp
2024-11-24 15:10:17,050 [INFO] IPUIPlugin:80 - create IPUIPlugin
2024-11-24 15:10:17,050 [INFO] PluginManager:220 - loadIPPluginJar : add ddr_ctrl_phy
2024-11-24 15:10:17,052 [INFO] IPUIPlugin:80 - create IPUIPlugin
2024-11-24 15:10:17,052 [INFO] PluginManager:220 - loadIPPluginJar : add dfsdm
2024-11-24 15:10:17,058 [INFO] IPUIPlugin:80 - create IPUIPlugin
2024-11-24 15:10:17,059 [INFO] PluginManager:220 - loadIPPluginJar : add dma
2024-11-24 15:10:17,061 [INFO] IPUIPlugin:80 - create IPUIPlugin
2024-11-24 15:10:17,061 [INFO] PluginManager:220 - loadIPPluginJar : add dma3
2024-11-24 15:10:17,063 [INFO] IPUIPlugin:80 - create IPUIPlugin
2024-11-24 15:10:17,064 [INFO] PluginManager:220 - loadIPPluginJar : add extmemmanager
2024-11-24 15:10:17,065 [INFO] IPUIPlugin:80 - create IPUIPlugin
2024-11-24 15:10:17,065 [INFO] PluginManager:220 - loadIPPluginJar : add fatfs
2024-11-24 15:10:17,071 [INFO] IPUIPlugin:80 - create IPUIPlugin
2024-11-24 15:10:17,071 [INFO] PluginManager:220 - loadIPPluginJar : add fmc
2024-11-24 15:10:17,077 [INFO] IPUIPlugin:80 - create IPUIPlugin
2024-11-24 15:10:17,077 [INFO] PluginManager:220 - loadIPPluginJar : add freertos
2024-11-24 15:10:17,079 [INFO] IPUIPlugin:80 - create IPUIPlugin
2024-11-24 15:10:17,079 [INFO] PluginManager:220 - loadIPPluginJar : add genericplugin
2024-11-24 15:10:17,080 [INFO] IPUIPlugin:80 - create IPUIPlugin
2024-11-24 15:10:17,081 [INFO] PluginManager:220 - loadIPPluginJar : add gfxmmu
2024-11-24 15:10:17,085 [INFO] IPUIPlugin:80 - create IPUIPlugin
2024-11-24 15:10:17,085 [INFO] PluginManager:220 - loadIPPluginJar : add gic
2024-11-24 15:10:17,089 [INFO] IPUIPlugin:80 - create IPUIPlugin
2024-11-24 15:10:17,089 [INFO] PluginManager:220 - loadIPPluginJar : add gpio
2024-11-24 15:10:17,092 [INFO] IPUIPlugin:80 - create IPUIPlugin
2024-11-24 15:10:17,092 [INFO] PluginManager:220 - loadIPPluginJar : add gtzc
2024-11-24 15:10:17,094 [INFO] IPUIPlugin:80 - create IPUIPlugin
2024-11-24 15:10:17,094 [INFO] PluginManager:220 - loadIPPluginJar : add hash
2024-11-24 15:10:17,096 [INFO] IPUIPlugin:80 - create IPUIPlugin
2024-11-24 15:10:17,097 [INFO] PluginManager:220 - loadIPPluginJar : add i2c
2024-11-24 15:10:17,099 [INFO] IPUIPlugin:80 - create IPUIPlugin
2024-11-24 15:10:17,099 [INFO] PluginManager:220 - loadIPPluginJar : add i2s
2024-11-24 15:10:17,101 [INFO] IPUIPlugin:80 - create IPUIPlugin
2024-11-24 15:10:17,102 [INFO] PluginManager:220 - loadIPPluginJar : add i3c
2024-11-24 15:10:17,104 [INFO] IPUIPlugin:80 - create IPUIPlugin
2024-11-24 15:10:17,105 [INFO] PluginManager:220 - loadIPPluginJar : add ipddr
2024-11-24 15:10:17,113 [INFO] IPUIPlugin:80 - create IPUIPlugin
2024-11-24 15:10:17,113 [INFO] PluginManager:220 - loadIPPluginJar : add linkedlist
2024-11-24 15:10:17,117 [INFO] IPUIPlugin:80 - create IPUIPlugin
2024-11-24 15:10:17,117 [INFO] PluginManager:220 - loadIPPluginJar : add lorawan
2024-11-24 15:10:17,118 [INFO] IPUIPlugin:80 - create IPUIPlugin
2024-11-24 15:10:17,118 [INFO] PluginManager:220 - loadIPPluginJar : add ltdc
2024-11-24 15:10:17,125 [INFO] IPUIPlugin:80 - create IPUIPlugin
2024-11-24 15:10:17,125 [INFO] PluginManager:220 - loadIPPluginJar : add mdma
2024-11-24 15:10:17,131 [INFO] IPUIPlugin:80 - create IPUIPlugin
2024-11-24 15:10:17,131 [INFO] PluginManager:220 - loadIPPluginJar : add nvic
2024-11-24 15:10:17,134 [INFO] IPUIPlugin:80 - create IPUIPlugin
2024-11-24 15:10:17,134 [INFO] PluginManager:220 - loadIPPluginJar : add opamp
2024-11-24 15:10:17,137 [INFO] IPUIPlugin:80 - create IPUIPlugin
2024-11-24 15:10:17,137 [INFO] PluginManager:220 - loadIPPluginJar : add openamp
2024-11-24 15:10:17,140 [INFO] IPUIPlugin:80 - create IPUIPlugin
2024-11-24 15:10:17,140 [INFO] PluginManager:220 - loadIPPluginJar : add pdm2pcm
2024-11-24 15:10:17,145 [INFO] IPUIPlugin:80 - create IPUIPlugin
2024-11-24 15:10:17,147 [INFO] PluginManager:220 - loadIPPluginJar : add plateformsettings
2024-11-24 15:10:17,148 [INFO] IPUIPlugin:80 - create IPUIPlugin
2024-11-24 15:10:17,148 [INFO] PluginManager:220 - loadIPPluginJar : add quadspi
2024-11-24 15:10:17,149 [INFO] IPUIPlugin:80 - create IPUIPlugin
2024-11-24 15:10:17,150 [INFO] PluginManager:220 - loadIPPluginJar : add radio
2024-11-24 15:10:17,152 [INFO] IPUIPlugin:80 - create IPUIPlugin
2024-11-24 15:10:17,152 [INFO] PluginManager:220 - loadIPPluginJar : add resmgrutility
2024-11-24 15:10:17,154 [INFO] IPUIPlugin:80 - create IPUIPlugin
2024-11-24 15:10:17,154 [INFO] PluginManager:220 - loadIPPluginJar : add sai
2024-11-24 15:10:17,156 [INFO] IPUIPlugin:80 - create IPUIPlugin
2024-11-24 15:10:17,156 [INFO] PluginManager:220 - loadIPPluginJar : add spi
2024-11-24 15:10:17,159 [INFO] IPUIPlugin:80 - create IPUIPlugin
2024-11-24 15:10:17,159 [INFO] PluginManager:220 - loadIPPluginJar : add stm32_wpan
2024-11-24 15:10:17,161 [INFO] IPUIPlugin:80 - create IPUIPlugin
2024-11-24 15:10:17,161 [INFO] PluginManager:220 - loadIPPluginJar : add tim
2024-11-24 15:10:17,163 [INFO] IPUIPlugin:80 - create IPUIPlugin
2024-11-24 15:10:17,163 [INFO] PluginManager:220 - loadIPPluginJar : add touchsensing
2024-11-24 15:10:17,165 [INFO] IPUIPlugin:80 - create IPUIPlugin
2024-11-24 15:10:17,165 [INFO] PluginManager:220 - loadIPPluginJar : add tracer_emb
2024-11-24 15:10:17,166 [INFO] IPUIPlugin:80 - create IPUIPlugin
2024-11-24 15:10:17,166 [INFO] PluginManager:220 - loadIPPluginJar : add ts
2024-11-24 15:10:17,168 [INFO] IPUIPlugin:80 - create IPUIPlugin
2024-11-24 15:10:17,168 [INFO] PluginManager:220 - loadIPPluginJar : add tsc
2024-11-24 15:10:17,170 [INFO] IPUIPlugin:80 - create IPUIPlugin
2024-11-24 15:10:17,170 [INFO] PluginManager:220 - loadIPPluginJar : add ucpd
2024-11-24 15:10:17,173 [INFO] IPUIPlugin:80 - create IPUIPlugin
2024-11-24 15:10:17,173 [INFO] PluginManager:220 - loadIPPluginJar : add usart
2024-11-24 15:10:17,178 [INFO] IPUIPlugin:80 - create IPUIPlugin
2024-11-24 15:10:17,179 [INFO] PluginManager:220 - loadIPPluginJar : add usbx
2024-11-24 15:10:17,295 [INFO] CADModel:165 - CPN selected for project level
2024-11-24 15:10:17,296 [INFO] CADModel:114 - Register for checkConnection events
2024-11-24 15:10:17,296 [FATAL] Updater:334 - Updater called before beeing initialized
2024-11-24 15:10:17,296 [ERROR] CADModel:125 - Updater not yet initialized, retry later 
2024-11-24 15:10:17,469 [INFO] CADModel:165 - CPN selected for project level
2024-11-24 15:10:17,469 [INFO] CADModel:114 - Register for checkConnection events
2024-11-24 15:10:17,469 [FATAL] Updater:334 - Updater called before beeing initialized
2024-11-24 15:10:17,469 [ERROR] CADModel:125 - Updater not yet initialized, retry later 
2024-11-24 15:10:17,471 [FATAL] Updater:334 - Updater called before beeing initialized
2024-11-24 15:10:17,534 [FATAL] Updater:334 - Updater called before beeing initialized
2024-11-24 15:10:17,537 [INFO] DbMcusAds:53 - JSON generation date=Fri Sep 20 09:04:38 EDT 2024 (1726837478367)
2024-11-24 15:10:17,537 [FATAL] Updater:334 - Updater called before beeing initialized
2024-11-24 15:10:17,563 [WARN] DetailPanel:346 - Failed to get advertising image, set to default
2024-11-24 15:10:17,625 [FATAL] Updater:334 - Updater called before beeing initialized
2024-11-24 15:10:17,627 [FATAL] Updater:334 - Updater called before beeing initialized
2024-11-24 15:10:17,627 [FATAL] Updater:334 - Updater called before beeing initialized
2024-11-24 15:10:17,627 [WARN] DetailPanel:346 - Failed to get advertising image, set to default
2024-11-24 15:10:17,628 [FATAL] Updater:334 - Updater called before beeing initialized
2024-11-24 15:10:17,663 [ERROR] Updater:1164 - MainUpdater not yet initialized. External WinMGr cannot be set.
2024-11-24 15:10:17,664 [INFO] Updater:1100 - Updater Version found : 6.12.0
2024-11-24 15:10:17,680 [INFO] ApplicationProperties:184 - Using Application install path: D:\STMCubeIDE\STM32CubeIDE_1.16.0\STM32CubeIDE\plugins\com.st.stm32cube.common.mx_6.12.0.202406281431
2024-11-24 15:10:19,254 [ERROR] LogOutputStream:75 - [STDERR_REDIRECT] Nov 24, 2024 3:10:19 PM java.util.prefs.WindowsPreferences <init>
2024-11-24 15:10:19,255 [ERROR] LogOutputStream:75 - [STDERR_REDIRECT] WARNING: Could not open/create prefs root node Software\JavaSoft\Prefs at root 0xffffffff80000002. Windows RegCreateKeyEx(...) returned error code 5.
2024-11-24 15:10:19,256 [ERROR] LogOutputStream:75 - [STDERR_REDIRECT] 
2024-11-24 15:10:19,492 [INFO] ThirdPartyUpdaterWithRetryManager:70 - Updater plugin not ready yet. [2/15]
2024-11-24 15:10:19,581 [INFO] MainUpdater:2873 - connection check result : 10
2024-11-24 15:10:19,581 [INFO] MainUpdater:3567 - Updater definition file requires update
2024-11-24 15:10:19,581 [INFO] MainUpdater:290 - Updater Check For Update Now.
2024-11-24 15:10:19,582 [INFO] MicroXplorer:498 - Change Database Version : DB.6.0.120
2024-11-24 15:10:19,585 [INFO] McuFinderGlobals:63 - Set McuFinder mode to 2 (CubeIDE integrated)
2024-11-24 15:10:19,586 [INFO] UserAuth:417 - Internet connection configuration mode: 1
2024-11-24 15:10:19,595 [INFO] ServerAccessManage:473 - Download File updaters.zip
2024-11-24 15:10:19,607 [INFO] JxBrowserEngine:152 - Initiate JxBrowser Engine with user profile folder
2024-11-24 15:10:19,650 [INFO] FileExtend:240 - Unzip File : updaters.zip
2024-11-24 15:10:19,650 [INFO] FileExtend:255 - Standard Zip Deflate
2024-11-24 15:10:20,012 [INFO] ServerAccessManage:473 - Download File PacksControlFlags.xml
2024-11-24 15:10:20,083 [INFO] ServerAccessManage:473 - Download File cubemx.pidx
2024-11-24 15:10:20,279 [INFO] LoadServerUpdatesThread:375 - End of LoadServerUpdate Thread
2024-11-24 15:10:20,452 [INFO] CheckServerUpdateThread:120 - End of CheckServer Thread
2024-11-24 15:10:20,840 [INFO] WebApp:167 - Instantiating new browser for Auth
2024-11-24 15:10:22,723 [WARN] PackLoader:240 - Cannot read IP mode file for STMicroelectronics.FP-SNS-MOTENVWB1.1.4.0
2024-11-24 15:10:22,743 [WARN] PackLoader:240 - Cannot read IP mode file for STMicroelectronics.FP-ATR-ASTRA1.2.0.1
2024-11-24 15:10:22,764 [WARN] PackLoader:240 - Cannot read IP mode file for STMicroelectronics.X-CUBE-SMBUS.2.1.0
2024-11-24 15:10:22,770 [WARN] PackLoader:240 - Cannot read IP mode file for STMicroelectronics.X-CUBE-WB05N.1.1.0
2024-11-24 15:10:22,801 [WARN] PackLoader:240 - Cannot read IP mode file for STMicroelectronics.X-CUBE-AZRTOS-F7.1.1.0
2024-11-24 15:10:22,850 [WARN] PackLoader:240 - Cannot read IP mode file for STMicroelectronics.X-CUBE-MEMS1.11.0.0
2024-11-24 15:10:22,942 [INFO] WebApp:448 - Apply proxy settings
2024-11-24 15:10:22,942 [INFO] WebApp:533 - Chromium requires no authentication
2024-11-24 15:10:22,959 [INFO] WebApp:476 - Direct internet connection detected
2024-11-24 15:10:23,033 [WARN] PackLoader:240 - Cannot read IP mode file for STMicroelectronics.FP-SNS-FLIGHT1.5.0.2
2024-11-24 15:10:23,046 [WARN] PackLoader:240 - Cannot read IP mode file for STMicroelectronics.X-CUBE-DISPLAY.3.0.0
2024-11-24 15:10:23,051 [WARN] PackLoader:240 - Cannot read IP mode file for STMicroelectronics.X-CUBE-BLE1.7.0.0
2024-11-24 15:10:23,054 [INFO] WebApp:869 - Register for checkConnection events
2024-11-24 15:10:23,054 [INFO] WebApp:448 - Apply proxy settings
2024-11-24 15:10:23,054 [INFO] WebApp:533 - Chromium requires no authentication
2024-11-24 15:10:23,055 [INFO] WebApp:476 - Direct internet connection detected
2024-11-24 15:10:23,058 [WARN] PackLoader:240 - Cannot read IP mode file for STMicroelectronics.X-CUBE-NFC10.1.0.0
2024-11-24 15:10:23,065 [WARN] PackLoader:240 - Cannot read IP mode file for emotas.I-CUBE-CANOPEN.1.3.0
2024-11-24 15:10:23,071 [WARN] PackLoader:240 - Cannot read IP mode file for STMicroelectronics.X-CUBE-BLEMGR.3.1.0
2024-11-24 15:10:23,078 [WARN] PackLoader:240 - Cannot read IP mode file for STMicroelectronics.FP-SNS-SMARTAG2.1.2.0
2024-11-24 15:10:23,093 [INFO] LogOutputStream:77 - [STDOUT_REDIRECT] 1 : Invalid condition id : UX_CORESTACK_Condition cause : null
2024-11-24 15:10:23,093 [INFO] LogOutputStream:77 - [STDOUT_REDIRECT] 1 : Invalid condition id : UX_CORESTACK_Condition cause : null
2024-11-24 15:10:23,095 [INFO] LogOutputStream:77 - [STDOUT_REDIRECT] 1 : Invalid condition id : UX_CORESTACK_Condition cause : null
2024-11-24 15:10:23,096 [INFO] LogOutputStream:77 - [STDOUT_REDIRECT] 1 : Invalid condition id : UX_CORESTACK_Condition cause : null
2024-11-24 15:10:23,097 [INFO] LogOutputStream:77 - [STDOUT_REDIRECT] 1 : Invalid condition id : UX_CORESTACK_Condition cause : null
2024-11-24 15:10:23,100 [WARN] PackLoader:240 - Cannot read IP mode file for STMicroelectronics.X-CUBE-AZRTOS-WL.2.0.0
2024-11-24 15:10:23,106 [WARN] PackLoader:240 - Cannot read IP mode file for STMicroelectronics.FP-SNS-MOTENV1.5.0.0
2024-11-24 15:10:23,114 [WARN] PackLoader:240 - Cannot read IP mode file for wolfSSL.I-CUBE-wolfMQTT.1.19.0
2024-11-24 15:10:23,132 [WARN] PackLoader:240 - Cannot read IP mode file for WES.I-CUBE-Cesium.1.3.0
2024-11-24 15:10:23,138 [WARN] PackLoader:240 - Cannot read IP mode file for STMicroelectronics.X-CUBE-BLE2.3.3.0
2024-11-24 15:10:23,145 [WARN] PackLoader:240 - Cannot read IP mode file for STMicroelectronics.X-CUBE-NFC9.1.0.0
2024-11-24 15:10:23,156 [WARN] PackLoader:240 - Cannot read IP mode file for STMicroelectronics.X-CUBE-TCPP.4.1.0
2024-11-24 15:10:23,166 [WARN] PackLoader:240 - Cannot read IP mode file for STMicroelectronics.X-CUBE-AZRTOS-G0.1.1.0
2024-11-24 15:10:23,174 [WARN] PackLoader:240 - Cannot read IP mode file for STMicroelectronics.X-CUBE-SAFEA1.1.2.2
2024-11-24 15:10:23,177 [INFO] WebApp:186 - Connection restablished
2024-11-24 15:10:23,181 [WARN] PackLoader:240 - Cannot read IP mode file for STMicroelectronics.X-CUBE-NFC4.3.0.0
2024-11-24 15:10:23,192 [WARN] PackLoader:240 - Cannot read IP mode file for EmbeddedOffice.I-CUBE-FS-RTOS.1.0.1
2024-11-24 15:10:23,193 [ERROR] ConditionMgr:805 - Attr not supported : Dmpu
2024-11-24 15:10:23,193 [ERROR] ConditionMgr:805 - Attr not supported : Dmpu
2024-11-24 15:10:23,193 [ERROR] ConditionMgr:805 - Attr not supported : Dmpu
2024-11-24 15:10:23,193 [ERROR] ConditionMgr:805 - Attr not supported : Dmpu
2024-11-24 15:10:23,193 [ERROR] ConditionMgr:805 - Attr not supported : Dmpu
2024-11-24 15:10:23,193 [ERROR] ConditionMgr:805 - Attr not supported : Dmpu
2024-11-24 15:10:23,193 [ERROR] ConditionMgr:805 - Attr not supported : Dmpu
2024-11-24 15:10:23,194 [ERROR] ConditionMgr:805 - Attr not supported : Dmpu
2024-11-24 15:10:23,194 [ERROR] ConditionMgr:805 - Attr not supported : Dmpu
2024-11-24 15:10:23,194 [ERROR] ConditionMgr:805 - Attr not supported : Dmpu
2024-11-24 15:10:23,194 [ERROR] ConditionMgr:805 - Attr not supported : Dmpu
2024-11-24 15:10:23,194 [ERROR] ConditionMgr:805 - Attr not supported : Dmpu
2024-11-24 15:10:23,194 [ERROR] ConditionMgr:805 - Attr not supported : Dmpu
2024-11-24 15:10:23,194 [ERROR] ConditionMgr:805 - Attr not supported : Dmpu
2024-11-24 15:10:23,194 [ERROR] ConditionMgr:805 - Attr not supported : Dmpu
2024-11-24 15:10:23,194 [ERROR] ConditionMgr:805 - Attr not supported : Dmpu
2024-11-24 15:10:23,194 [ERROR] ConditionMgr:805 - Attr not supported : Dmpu
2024-11-24 15:10:23,195 [ERROR] ConditionMgr:805 - Attr not supported : Dmpu
2024-11-24 15:10:23,195 [ERROR] ConditionMgr:805 - Attr not supported : Dmpu
2024-11-24 15:10:23,195 [ERROR] ConditionMgr:805 - Attr not supported : Dmpu
2024-11-24 15:10:23,195 [ERROR] ConditionMgr:805 - Attr not supported : Dmpu
2024-11-24 15:10:23,195 [ERROR] ConditionMgr:805 - Attr not supported : Dmpu
2024-11-24 15:10:23,195 [ERROR] ConditionMgr:805 - Attr not supported : Dmpu
2024-11-24 15:10:23,195 [ERROR] ConditionMgr:805 - Attr not supported : Dmpu
2024-11-24 15:10:23,195 [ERROR] ConditionMgr:805 - Attr not supported : Dmpu
2024-11-24 15:10:23,195 [ERROR] ConditionMgr:805 - Attr not supported : Dmpu
2024-11-24 15:10:23,196 [ERROR] ConditionMgr:805 - Attr not supported : Dmpu
2024-11-24 15:10:23,196 [ERROR] ConditionMgr:805 - Attr not supported : Dmpu
2024-11-24 15:10:23,196 [ERROR] ConditionMgr:805 - Attr not supported : Dmpu
2024-11-24 15:10:23,196 [ERROR] ConditionMgr:805 - Attr not supported : Dmpu
2024-11-24 15:10:23,196 [ERROR] ConditionMgr:805 - Attr not supported : Dmpu
2024-11-24 15:10:23,196 [ERROR] ConditionMgr:805 - Attr not supported : Dmpu
2024-11-24 15:10:23,196 [ERROR] ConditionMgr:805 - Attr not supported : Dmpu
2024-11-24 15:10:23,196 [ERROR] ConditionMgr:805 - Attr not supported : Dmpu
2024-11-24 15:10:23,196 [ERROR] ConditionMgr:805 - Attr not supported : Dmpu
2024-11-24 15:10:23,196 [ERROR] ConditionMgr:805 - Attr not supported : Dmpu
2024-11-24 15:10:23,196 [ERROR] ConditionMgr:805 - Attr not supported : Dmpu
2024-11-24 15:10:23,196 [ERROR] ConditionMgr:805 - Attr not supported : Dmpu
2024-11-24 15:10:23,196 [ERROR] ConditionMgr:805 - Attr not supported : Dmpu
2024-11-24 15:10:23,196 [ERROR] ConditionMgr:805 - Attr not supported : Dmpu
2024-11-24 15:10:23,197 [ERROR] ConditionMgr:805 - Attr not supported : Dmpu
2024-11-24 15:10:23,197 [ERROR] ConditionMgr:805 - Attr not supported : Dmpu
2024-11-24 15:10:23,197 [ERROR] ConditionMgr:805 - Attr not supported : Dmpu
2024-11-24 15:10:23,197 [ERROR] ConditionMgr:805 - Attr not supported : Dmpu
2024-11-24 15:10:23,197 [ERROR] ConditionMgr:805 - Attr not supported : Dmpu
2024-11-24 15:10:23,197 [ERROR] ConditionMgr:805 - Attr not supported : Dmpu
2024-11-24 15:10:23,197 [ERROR] ConditionMgr:805 - Attr not supported : Dmpu
2024-11-24 15:10:23,197 [ERROR] ConditionMgr:805 - Attr not supported : Dmpu
2024-11-24 15:10:23,197 [ERROR] ConditionMgr:805 - Attr not supported : Dmpu
2024-11-24 15:10:23,197 [ERROR] ConditionMgr:805 - Attr not supported : Dmpu
2024-11-24 15:10:23,197 [ERROR] ConditionMgr:805 - Attr not supported : Dmpu
2024-11-24 15:10:23,197 [ERROR] ConditionMgr:805 - Attr not supported : Dmpu
2024-11-24 15:10:23,197 [ERROR] ConditionMgr:805 - Attr not supported : Dmpu
2024-11-24 15:10:23,197 [ERROR] ConditionMgr:805 - Attr not supported : Dmpu
2024-11-24 15:10:23,197 [ERROR] ConditionMgr:805 - Attr not supported : Dmpu
2024-11-24 15:10:23,197 [ERROR] ConditionMgr:805 - Attr not supported : Dmpu
2024-11-24 15:10:23,198 [ERROR] ConditionMgr:805 - Attr not supported : Dmpu
2024-11-24 15:10:23,198 [ERROR] ConditionMgr:805 - Attr not supported : Dmpu
2024-11-24 15:10:23,198 [ERROR] ConditionMgr:805 - Attr not supported : Dmpu
2024-11-24 15:10:23,198 [ERROR] ConditionMgr:805 - Attr not supported : Dmpu
2024-11-24 15:10:23,198 [ERROR] ConditionMgr:805 - Attr not supported : Dmpu
2024-11-24 15:10:23,198 [ERROR] ConditionMgr:805 - Attr not supported : Dmpu
2024-11-24 15:10:23,198 [ERROR] ConditionMgr:805 - Attr not supported : Dmpu
2024-11-24 15:10:23,198 [ERROR] ConditionMgr:805 - Attr not supported : Dmpu
2024-11-24 15:10:23,204 [WARN] PackLoader:240 - Cannot read IP mode file for RealThread.X-CUBE-RT-Thread_Nano.4.1.1
2024-11-24 15:10:23,207 [WARN] PackLoader:240 - Cannot read IP mode file for STMicroelectronics.FP-ATR-SIGFOX1.3.2.0
2024-11-24 15:10:23,212 [WARN] PackLoader:240 - Cannot read IP mode file for wolfSSL.I-CUBE-wolfSSL.5.7.2
2024-11-24 15:10:23,216 [WARN] ConditionMgr:438 - getConditionDescription Invalid condition id : Cortex-A Device cause : null
2024-11-24 15:10:23,227 [WARN] ConditionMgr:1039 - genDependencies : Invalid condition id : Cortex-A Device cause : null
2024-11-24 15:10:23,227 [WARN] ConditionMgr:1039 - genDependencies : Invalid condition id : Cortex-A Device cause : null
2024-11-24 15:10:23,227 [WARN] ConditionMgr:1039 - genDependencies : Invalid condition id : Cortex-A Device cause : null
2024-11-24 15:10:23,232 [WARN] PackLoader:240 - Cannot read IP mode file for STMicroelectronics.X-CUBE-EEPRMA1.5.1.0
2024-11-24 15:10:23,237 [WARN] PackLoader:240 - Cannot read IP mode file for ITTIA_DB.I-CUBE-ITTIADB.8.9.0
2024-11-24 15:10:23,258 [WARN] PackLoader:240 - Cannot read IP mode file for SEGGER.I-CUBE-embOS.1.3.1
2024-11-24 15:10:23,330 [WARN] PackLoader:240 - Cannot read IP mode file for STMicroelectronics.X-CUBE-ALGOBUILD.1.4.0
2024-11-24 15:10:23,334 [WARN] PackLoader:240 - Cannot read IP mode file for STMicroelectronics.X-CUBE-AI.9.1.0
2024-11-24 15:10:23,345 [WARN] PackLoader:240 - Cannot read IP mode file for STMicroelectronics.X-CUBE-AZRTOS-F4.1.1.0
2024-11-24 15:10:23,360 [WARN] PackLoader:240 - Cannot read IP mode file for STMicroelectronics.X-CUBE-ISPU.2.1.0
2024-11-24 15:10:23,368 [WARN] PackLoader:240 - Cannot read IP mode file for STMicroelectronics.X-CUBE-FREERTOS.1.2.0
2024-11-24 15:10:23,388 [WARN] PackLoader:240 - Cannot read IP mode file for STMicroelectronics.X-CUBE-AZRTOS-L5.2.0.0
2024-11-24 15:10:23,405 [WARN] PackLoader:240 - Cannot read IP mode file for STMicroelectronics.X-CUBE-NFC6.3.1.0
2024-11-24 15:10:23,415 [WARN] PackLoader:240 - Cannot read IP mode file for STMicroelectronics.X-CUBE-DPower.1.2.0
2024-11-24 15:10:23,419 [WARN] PackLoader:240 - Cannot read IP mode file for STMicroelectronics.X-CUBE-AI.9.0.0
2024-11-24 15:10:23,427 [WARN] PackLoader:240 - Cannot read IP mode file for STMicroelectronics.X-CUBE-NFC7.1.0.1
2024-11-24 15:10:23,447 [WARN] ConditionMgr:438 - getConditionDescription Invalid condition id : LAN8742 Phy interface Condition cause : null
2024-11-24 15:10:23,449 [WARN] PackLoader:240 - Cannot read IP mode file for STMicroelectronics.X-CUBE-AZRTOS-L4.2.0.0
2024-11-24 15:10:23,451 [WARN] ConditionMgr:1039 - genDependencies : Invalid condition id : LAN8742 Phy interface Condition cause : null
2024-11-24 15:10:23,451 [WARN] ConditionMgr:1039 - genDependencies : Invalid condition id : LAN8742 Phy interface Condition cause : null
2024-11-24 15:10:23,452 [WARN] ConditionMgr:1039 - genDependencies : Invalid condition id : LAN8742 Phy interface Condition cause : null
2024-11-24 15:10:23,461 [WARN] PackLoader:240 - Cannot read IP mode file for STMicroelectronics.X-CUBE-SFXS2LP1.4.0.0
2024-11-24 15:10:23,493 [WARN] PackLoader:240 - Cannot read IP mode file for STMicroelectronics.X-CUBE-AZRTOS-H7.3.3.0
2024-11-24 15:10:23,513 [WARN] PackLoader:240 - Cannot read IP mode file for STMicroelectronics.X-CUBE-IPS.3.0.0
2024-11-24 15:10:23,535 [WARN] ConditionMgr:438 - getConditionDescription Invalid condition id : UX DEVICE CLASS RTOS Condition cause : null
2024-11-24 15:10:23,536 [WARN] ConditionMgr:438 - getConditionDescription Invalid condition id : UX DEVICE CLASS RTOS Condition cause : null
2024-11-24 15:10:23,538 [WARN] PackLoader:240 - Cannot read IP mode file for STMicroelectronics.X-CUBE-AZRTOS-WB.2.0.0
2024-11-24 15:10:23,539 [WARN] ConditionMgr:1039 - genDependencies : Invalid condition id : UX DEVICE CLASS RTOS Condition cause : null
2024-11-24 15:10:23,539 [WARN] ConditionMgr:1039 - genDependencies : Invalid condition id : UX DEVICE CLASS RTOS Condition cause : null
2024-11-24 15:10:23,540 [WARN] ConditionMgr:1039 - genDependencies : Invalid condition id : UX DEVICE CLASS RTOS Condition cause : null
2024-11-24 15:10:23,540 [WARN] ConditionMgr:1039 - genDependencies : Invalid condition id : UX DEVICE CLASS RTOS Condition cause : null
2024-11-24 15:10:23,540 [WARN] ConditionMgr:1039 - genDependencies : Invalid condition id : UX DEVICE CLASS RTOS Condition cause : null
2024-11-24 15:10:23,549 [WARN] PackLoader:240 - Cannot read IP mode file for STMicroelectronics.X-CUBE-GNSS1.7.0.0
2024-11-24 15:10:23,557 [WARN] PackLoader:240 - Cannot read IP mode file for STMicroelectronics.FP-SNS-STBOX1.2.0.0
2024-11-24 15:10:23,576 [WARN] PackLoader:240 - Cannot read IP mode file for STMicroelectronics.X-CUBE-SUBG2.5.0.0
2024-11-24 15:10:23,586 [WARN] PackLoader:240 - Cannot read IP mode file for Cesanta.I-CUBE-Mongoose.7.13.0
2024-11-24 15:10:23,608 [WARN] PackLoader:240 - Cannot read IP mode file for STMicroelectronics.X-CUBE-AZRTOS-G4.2.0.0
2024-11-24 15:10:23,617 [WARN] PackLoader:240 - Cannot read IP mode file for STMicroelectronics.X-CUBE-ISPU.2.0.0
2024-11-24 15:10:23,623 [WARN] PackLoader:240 - Cannot read IP mode file for STMicroelectronics.X-CUBE-ALS.1.0.2
2024-11-24 15:10:23,631 [WARN] PackLoader:240 - Cannot read IP mode file for STMicroelectronics.X-CUBE-TOUCHGFX.4.24.0
2024-11-24 15:10:23,635 [WARN] PackLoader:240 - Cannot read IP mode file for STMicroelectronics.X-CUBE-TOUCHGFX.4.24.1
2024-11-24 15:10:23,639 [WARN] PackLoader:240 - Cannot read IP mode file for wolfSSL.I-CUBE-wolfTPM.3.4.0
2024-11-24 15:10:23,647 [WARN] PackLoader:240 - Cannot read IP mode file for portGmbH.I-Cube-SoM-uGOAL.1.1.0
2024-11-24 15:10:23,670 [WARN] PackLoader:240 - Cannot read IP mode file for STMicroelectronics.X-CUBE-AZRTOS-H7RS.1.0.0
2024-11-24 15:10:23,674 [WARN] PackLoader:240 - Cannot read IP mode file for STMicroelectronics.FP-ATR-ASTRA1.2.0.0
2024-11-24 15:10:23,681 [WARN] PackLoader:240 - Cannot read IP mode file for STMicroelectronics.X-CUBE-TOF1.3.4.2
2024-11-24 15:10:23,697 [WARN] PackLoader:240 - Cannot read IP mode file for Infineon.AIROC-Wi-Fi-Bluetooth-STM32.1.6.1
2024-11-24 15:10:23,703 [WARN] PackLoader:240 - Cannot read IP mode file for wolfSSL.I-CUBE-wolfSSH.1.4.17
2024-11-24 15:10:23,704 [INFO] ThirdParty:978 - Integrity check success = true
2024-11-24 15:10:23,704 [INFO] IntegrityCheckThread:100 - exiting critical section [integrity check]
2024-11-24 15:10:23,704 [INFO] IntegrityCheckThread:103 - End integrity checks thread
2024-11-24 15:10:24,081 [INFO] WebApp:220 - Starting web application
2024-11-24 15:10:24,082 [INFO] WebApp:578 - Web application path used D:\STMCubeIDE\STM32CubeIDE_1.16.0\STM32CubeIDE\plugins\com.st.stm32cube.common.mx_6.12.0.202406281431\db\plugins\mcufinder\reactClient1\index.html
2024-11-24 15:10:24,166 [INFO] UserAuth:417 - Internet connection configuration mode: 1
2024-11-24 15:47:36,275 [INFO] WebApp:189 - Connection lost
2024-11-24 15:47:36,492 [INFO] WebApp:186 - Connection restablished
2024-11-24 15:47:37,007 [INFO] WebApp:189 - Connection lost
2024-11-24 15:47:37,217 [INFO] WebApp:186 - Connection restablished
2024-11-24 15:47:37,760 [INFO] WebApp:189 - Connection lost
2024-11-24 15:47:37,978 [INFO] WebApp:186 - Connection restablished
2024-11-24 15:47:40,336 [INFO] WebApp:189 - Connection lost
2024-11-24 15:47:40,548 [INFO] WebApp:186 - Connection restablished
2024-11-24 15:47:43,340 [INFO] WebApp:189 - Connection lost
2024-11-24 15:47:43,494 [INFO] WebApp:186 - Connection restablished
2024-11-24 15:49:28,848 [INFO] WebApp:189 - Connection lost
2024-11-24 15:49:28,987 [INFO] WebApp:186 - Connection restablished
2024-11-24 15:52:26,385 [ERROR] LogOutputStream:75 - [STDERR_REDIRECT] 
2024-11-24 15:52:26,385 [ERROR] LogOutputStream:75 - [STDERR_REDIRECT] 
