2024-09-17 13:30:24,926 [INFO] Activator:176 - 


2024-09-17 13:30:24,930 [INFO] Activator:177 - !SESSION log4j initialized
2024-09-17 13:30:28,349 [INFO] LogOutputStream:77 - [STDOUT_REDIRECT] 
2024-09-17 13:30:29,545 [INFO] ApplicationProperties:184 - Using Application install path: D:\STMCubeIDE\STM32CubeIDE_1.16.0\STM32CubeIDE\plugins\com.st.stm32cube.common.mx_6.12.0.202406281431
2024-09-17 13:30:29,556 [INFO] DbMcusXml:78 - Set database path to: D:\STMCubeIDE\STM32CubeIDE_1.16.0\STM32CubeIDE\plugins\com.st.stm32cube.common.mx_6.12.0.202406281431\\db\/mcu/
2024-09-17 13:30:29,556 [INFO] ApiDb:274 - Set plugin database path to: D:\STMCubeIDE\STM32CubeIDE_1.16.0\STM32CubeIDE\plugins\com.st.stm32cube.common.mx_6.12.0.202406281431\\db\/plugins/boardmanager/
2024-09-17 13:30:29,557 [WARN] ApiDb:259 - Overriding images path with different value:  => D:\STMCubeIDE\STM32CubeIDE_1.16.0\STM32CubeIDE\plugins\com.st.stm32cube.common.mx_6.12.0.202406281431\\db\/plugins/mcufinder/images/
2024-09-17 13:30:29,562 [INFO] ApiDb:250 - Set database path to: C:\Users\Z_cha\.stmcufinder\plugins\mcufinder//mcu/
2024-09-17 13:30:29,563 [INFO] DbMcusAds:125 - Set database path to: C:\Users\Z_cha\.stmcufinder\plugins\mcufinder//mcu/
2024-09-17 13:30:29,564 [INFO] CrossReferenceDbSqlite:203 - Set database path to: C:\Users\Z_cha\.stmcufinder\plugins\mcufinder//mcu/cs/
2024-09-17 13:30:29,642 [INFO] RulesReader:64 - Compatibility file has been processed (297 Rules)
2024-09-17 13:30:29,697 [INFO] DbMcusXml:78 - Set database path to: D:\STMCubeIDE\STM32CubeIDE_1.16.0\STM32CubeIDE\plugins\com.st.stm32cube.common.mx_6.12.0.202406281431\\db\/mcu/
2024-09-17 13:30:29,697 [INFO] ApiDb:274 - Set plugin database path to: D:\STMCubeIDE\STM32CubeIDE_1.16.0\STM32CubeIDE\plugins\com.st.stm32cube.common.mx_6.12.0.202406281431\\db\/plugins/boardmanager/
2024-09-17 13:30:29,697 [INFO] ApiDb:261 - Set plugin images path to: D:\STMCubeIDE\STM32CubeIDE_1.16.0\STM32CubeIDE\plugins\com.st.stm32cube.common.mx_6.12.0.202406281431\\db\/plugins/mcufinder/images/
2024-09-17 13:30:29,697 [WARN] DbFile:41 - Overriding database path with different value: C:\Users\Z_cha\.stmcufinder\plugins\mcufinder/ => C:\Users\Z_cha\.stmcufinder\plugins\mcufinder
2024-09-17 13:30:29,698 [INFO] ApiDb:250 - Set database path to: C:\Users\Z_cha\.stmcufinder\plugins\mcufinder//mcu/
2024-09-17 13:30:29,698 [WARN] DbFile:41 - Overriding database path with different value: C:\Users\Z_cha\.stmcufinder\plugins\mcufinder/ => C:\Users\Z_cha\.stmcufinder\plugins\mcufinder
2024-09-17 13:30:29,698 [INFO] DbMcusAds:125 - Set database path to: C:\Users\Z_cha\.stmcufinder\plugins\mcufinder//mcu/
2024-09-17 13:30:29,698 [WARN] DbFile:41 - Overriding database path with different value: C:\Users\Z_cha\.stmcufinder\plugins\mcufinder/ => C:\Users\Z_cha\.stmcufinder\plugins\mcufinder
2024-09-17 13:30:29,698 [WARN] DbFile:41 - Overriding database path with different value: C:\Users\Z_cha\.stmcufinder\plugins\mcufinder/ => C:\Users\Z_cha\.stmcufinder\plugins\mcufinder
2024-09-17 13:30:29,698 [INFO] CrossReferenceDbSqlite:203 - Set database path to: C:\Users\Z_cha\.stmcufinder\plugins\mcufinder//mcu/cs/
2024-09-17 13:30:29,762 [INFO] MainPanel:268 - HeapMemory: 268435456
2024-09-17 13:30:29,879 [INFO] DbMcusXml:78 - Set database path to: D:\STMCubeIDE\STM32CubeIDE_1.16.0\STM32CubeIDE\plugins\com.st.stm32cube.common.mx_6.12.0.202406281431\\db\/mcu/
2024-09-17 13:30:29,879 [INFO] ApiDb:274 - Set plugin database path to: D:\STMCubeIDE\STM32CubeIDE_1.16.0\STM32CubeIDE\plugins\com.st.stm32cube.common.mx_6.12.0.202406281431\\db\/plugins/boardmanager/
2024-09-17 13:30:29,879 [INFO] ApiDb:261 - Set plugin images path to: D:\STMCubeIDE\STM32CubeIDE_1.16.0\STM32CubeIDE\plugins\com.st.stm32cube.common.mx_6.12.0.202406281431\\db\/plugins/mcufinder/images/
2024-09-17 13:30:29,880 [WARN] DbFile:41 - Overriding database path with different value: C:\Users\Z_cha\.stmcufinder\plugins\mcufinder/ => C:\Users\Z_cha\.stmcufinder\plugins\mcufinder
2024-09-17 13:30:29,880 [INFO] ApiDb:250 - Set database path to: C:\Users\Z_cha\.stmcufinder\plugins\mcufinder//mcu/
2024-09-17 13:30:29,880 [WARN] DbFile:41 - Overriding database path with different value: C:\Users\Z_cha\.stmcufinder\plugins\mcufinder/ => C:\Users\Z_cha\.stmcufinder\plugins\mcufinder
2024-09-17 13:30:29,880 [INFO] DbMcusAds:125 - Set database path to: C:\Users\Z_cha\.stmcufinder\plugins\mcufinder//mcu/
2024-09-17 13:30:29,880 [WARN] DbFile:41 - Overriding database path with different value: C:\Users\Z_cha\.stmcufinder\plugins\mcufinder/ => C:\Users\Z_cha\.stmcufinder\plugins\mcufinder
2024-09-17 13:30:29,881 [WARN] DbFile:41 - Overriding database path with different value: C:\Users\Z_cha\.stmcufinder\plugins\mcufinder/ => C:\Users\Z_cha\.stmcufinder\plugins\mcufinder
2024-09-17 13:30:29,881 [INFO] CrossReferenceDbSqlite:203 - Set database path to: C:\Users\Z_cha\.stmcufinder\plugins\mcufinder//mcu/cs/
2024-09-17 13:30:29,907 [INFO] ApplicationProperties:184 - Using Application install path: D:\STMCubeIDE\STM32CubeIDE_1.16.0\STM32CubeIDE\plugins\com.st.stm32cube.common.mx_6.12.0.202406281431
2024-09-17 13:30:29,909 [INFO] PluginManage:196 - Search for loadable plugins [exclusion list=, ]
2024-09-17 13:30:29,911 [INFO] PluginManage:310 - Check plugin analytics
2024-09-17 13:30:30,101 [INFO] AnalyticsPlugin:253 - Accepted Software Licenses: 
2024-09-17 13:30:30,101 [INFO] AnalyticsPlugin:255 - Accepted CMSIS Pack Licenses: 
2024-09-17 13:30:30,101 [INFO] AnalyticsPlugin:257 - Accepted Firmware Licenses: FW.F4.1.28.0
2024-09-17 13:30:30,104 [INFO] PluginManage:359 - Loaded plugin analytics (category:tool,tabindex:-1)
2024-09-17 13:30:30,104 [INFO] PluginManage:310 - Check plugin cadmodel
2024-09-17 13:30:30,108 [INFO] CADModel:105 - Init CAD model plugin
2024-09-17 13:30:30,109 [INFO] PluginManage:359 - Loaded plugin cadmodel (category:power,tabindex:5)
2024-09-17 13:30:30,109 [INFO] PluginManage:310 - Check plugin clock
2024-09-17 13:30:30,116 [INFO] PluginManage:359 - Loaded plugin clock (category:base,tabindex:2)
2024-09-17 13:30:30,116 [INFO] PluginManage:310 - Check plugin ddr
2024-09-17 13:30:30,117 [INFO] PluginManage:359 - Loaded plugin ddr (category:tool,tabindex:6)
2024-09-17 13:30:30,118 [INFO] PluginManage:310 - Check plugin filemanager
2024-09-17 13:30:30,225 [INFO] PluginManage:359 - Loaded plugin filemanager (category:base,tabindex:10)
2024-09-17 13:30:30,225 [INFO] PluginManage:310 - Check plugin ipmanager
2024-09-17 13:30:30,232 [INFO] PluginManage:359 - Loaded plugin ipmanager (category:base,tabindex:5)
2024-09-17 13:30:30,232 [INFO] PluginManage:310 - Check plugin lpbam
2024-09-17 13:30:30,240 [INFO] PluginManage:359 - Loaded plugin lpbam (category:base,tabindex:0)
2024-09-17 13:30:30,240 [INFO] PluginManage:310 - Check plugin memorymap
2024-09-17 13:30:30,253 [INFO] PluginManage:359 - Loaded plugin memorymap (category:base,tabindex:4)
2024-09-17 13:30:30,253 [INFO] PluginManage:310 - Check plugin pinoutandconfiguration
2024-09-17 13:30:30,262 [INFO] PluginManage:359 - Loaded plugin pinoutandconfiguration (category:base,tabindex:1)
2024-09-17 13:30:30,262 [INFO] PluginManage:310 - Check plugin pinoutconfig
2024-09-17 13:30:30,346 [WARN] SupportedApi:132 - Cannot load RTOS API schema: s4s-elt-must-match.1: The content of 'definitions' must match (annotation?, (simpleType | complexType)?, (unique | key | keyref)*)). A problem was found starting at: attribute.
2024-09-17 13:30:30,503 [INFO] PluginManage:359 - Loaded plugin pinoutconfig (category:base,tabindex:0)
2024-09-17 13:30:30,503 [INFO] PluginManage:310 - Check plugin power
2024-09-17 13:30:30,510 [INFO] PluginManage:359 - Loaded plugin power (category:power,tabindex:4)
2024-09-17 13:30:30,510 [INFO] PluginManage:310 - Check plugin projectmanager
2024-09-17 13:30:30,523 [INFO] PluginManage:359 - Loaded plugin projectmanager (category:projectmanager,tabindex:4)
2024-09-17 13:30:30,523 [INFO] PluginManage:310 - Check plugin rif
2024-09-17 13:30:30,529 [INFO] PluginManage:359 - Loaded plugin rif (category:base,tabindex:3)
2024-09-17 13:30:30,529 [INFO] PluginManage:310 - Check plugin thirdparty
2024-09-17 13:30:30,668 [INFO] PluginManage:359 - Loaded plugin thirdparty (category:base,tabindex:-1)
2024-09-17 13:30:30,669 [INFO] PluginManage:310 - Check plugin tools
2024-09-17 13:30:30,668 [WARN] IntegrityCheckThread:84 - waiting for thirdparty lock release [integrity check]
2024-09-17 13:30:30,669 [INFO] IntegrityCheckThread:86 - entering critical section [integrity check]
2024-09-17 13:30:30,669 [INFO] ThirdPartyUpdaterWithRetryManager:70 - Updater plugin not ready yet. [1/15]
2024-09-17 13:30:30,671 [INFO] PluginManage:359 - Loaded plugin tools (category:base,tabindex:7)
2024-09-17 13:30:30,671 [INFO] PluginManage:310 - Check plugin tutovideos
2024-09-17 13:30:30,787 [INFO] PluginManage:359 - Loaded plugin tutovideos (category:base,tabindex:-1)
2024-09-17 13:30:30,789 [INFO] PluginManage:310 - Check plugin updater
2024-09-17 13:30:30,804 [INFO] PluginManage:359 - Loaded plugin updater (category:base,tabindex:12)
2024-09-17 13:30:30,804 [INFO] PluginManage:310 - Check plugin userauth
2024-09-17 13:30:30,810 [INFO] UserAuth:113 - Init User Auth plugin
2024-09-17 13:30:30,810 [INFO] PluginManage:359 - Loaded plugin userauth (category:base,tabindex:14)
2024-09-17 13:30:30,810 [INFO] PluginManage:283 - PluginManage : Loaded plugins [18]
2024-09-17 13:30:30,982 [INFO] PinOutPanel:1561 - setPackage(No Configuration,No Configuration)
2024-09-17 13:30:31,063 [INFO] CADModel:165 - CPN selected for project level
2024-09-17 13:30:31,063 [INFO] CADModel:114 - Register for checkConnection events
2024-09-17 13:30:31,081 [INFO] IPUIPlugin:80 - create IPUIPlugin
2024-09-17 13:30:31,081 [INFO] PluginManager:220 - loadIPPluginJar : add adc
2024-09-17 13:30:31,083 [INFO] IPUIPlugin:80 - create IPUIPlugin
2024-09-17 13:30:31,083 [INFO] PluginManager:220 - loadIPPluginJar : add aes
2024-09-17 13:30:31,085 [INFO] IPUIPlugin:80 - create IPUIPlugin
2024-09-17 13:30:31,085 [INFO] PluginManager:220 - loadIPPluginJar : add can
2024-09-17 13:30:31,086 [INFO] IPUIPlugin:80 - create IPUIPlugin
2024-09-17 13:30:31,086 [INFO] PluginManager:220 - loadIPPluginJar : add comp
2024-09-17 13:30:31,088 [INFO] IPUIPlugin:80 - create IPUIPlugin
2024-09-17 13:30:31,088 [INFO] PluginManager:220 - loadIPPluginJar : add cryp
2024-09-17 13:30:31,090 [INFO] IPUIPlugin:80 - create IPUIPlugin
2024-09-17 13:30:31,091 [INFO] PluginManager:220 - loadIPPluginJar : add ddr_ctrl_phy
2024-09-17 13:30:31,092 [INFO] IPUIPlugin:80 - create IPUIPlugin
2024-09-17 13:30:31,092 [INFO] PluginManager:220 - loadIPPluginJar : add dfsdm
2024-09-17 13:30:31,096 [INFO] IPUIPlugin:80 - create IPUIPlugin
2024-09-17 13:30:31,096 [INFO] PluginManager:220 - loadIPPluginJar : add dma
2024-09-17 13:30:31,098 [INFO] IPUIPlugin:80 - create IPUIPlugin
2024-09-17 13:30:31,098 [INFO] PluginManager:220 - loadIPPluginJar : add dma3
2024-09-17 13:30:31,100 [INFO] IPUIPlugin:80 - create IPUIPlugin
2024-09-17 13:30:31,100 [INFO] PluginManager:220 - loadIPPluginJar : add extmemmanager
2024-09-17 13:30:31,101 [INFO] IPUIPlugin:80 - create IPUIPlugin
2024-09-17 13:30:31,101 [INFO] PluginManager:220 - loadIPPluginJar : add fatfs
2024-09-17 13:30:31,105 [INFO] IPUIPlugin:80 - create IPUIPlugin
2024-09-17 13:30:31,105 [INFO] PluginManager:220 - loadIPPluginJar : add fmc
2024-09-17 13:30:31,109 [INFO] IPUIPlugin:80 - create IPUIPlugin
2024-09-17 13:30:31,109 [INFO] PluginManager:220 - loadIPPluginJar : add freertos
2024-09-17 13:30:31,110 [INFO] IPUIPlugin:80 - create IPUIPlugin
2024-09-17 13:30:31,110 [INFO] PluginManager:220 - loadIPPluginJar : add genericplugin
2024-09-17 13:30:31,112 [INFO] IPUIPlugin:80 - create IPUIPlugin
2024-09-17 13:30:31,112 [INFO] PluginManager:220 - loadIPPluginJar : add gfxmmu
2024-09-17 13:30:31,116 [INFO] IPUIPlugin:80 - create IPUIPlugin
2024-09-17 13:30:31,116 [INFO] PluginManager:220 - loadIPPluginJar : add gic
2024-09-17 13:30:31,118 [INFO] IPUIPlugin:80 - create IPUIPlugin
2024-09-17 13:30:31,118 [INFO] PluginManager:220 - loadIPPluginJar : add gpio
2024-09-17 13:30:31,120 [INFO] IPUIPlugin:80 - create IPUIPlugin
2024-09-17 13:30:31,121 [INFO] PluginManager:220 - loadIPPluginJar : add gtzc
2024-09-17 13:30:31,122 [INFO] IPUIPlugin:80 - create IPUIPlugin
2024-09-17 13:30:31,122 [INFO] PluginManager:220 - loadIPPluginJar : add hash
2024-09-17 13:30:31,125 [INFO] IPUIPlugin:80 - create IPUIPlugin
2024-09-17 13:30:31,125 [INFO] PluginManager:220 - loadIPPluginJar : add i2c
2024-09-17 13:30:31,126 [INFO] IPUIPlugin:80 - create IPUIPlugin
2024-09-17 13:30:31,126 [INFO] PluginManager:220 - loadIPPluginJar : add i2s
2024-09-17 13:30:31,128 [INFO] IPUIPlugin:80 - create IPUIPlugin
2024-09-17 13:30:31,129 [INFO] PluginManager:220 - loadIPPluginJar : add i3c
2024-09-17 13:30:31,131 [INFO] IPUIPlugin:80 - create IPUIPlugin
2024-09-17 13:30:31,131 [INFO] PluginManager:220 - loadIPPluginJar : add ipddr
2024-09-17 13:30:31,137 [INFO] IPUIPlugin:80 - create IPUIPlugin
2024-09-17 13:30:31,137 [INFO] PluginManager:220 - loadIPPluginJar : add linkedlist
2024-09-17 13:30:31,140 [INFO] IPUIPlugin:80 - create IPUIPlugin
2024-09-17 13:30:31,140 [INFO] PluginManager:220 - loadIPPluginJar : add lorawan
2024-09-17 13:30:31,141 [INFO] IPUIPlugin:80 - create IPUIPlugin
2024-09-17 13:30:31,141 [INFO] PluginManager:220 - loadIPPluginJar : add ltdc
2024-09-17 13:30:31,145 [INFO] IPUIPlugin:80 - create IPUIPlugin
2024-09-17 13:30:31,145 [INFO] PluginManager:220 - loadIPPluginJar : add mdma
2024-09-17 13:30:31,148 [INFO] IPUIPlugin:80 - create IPUIPlugin
2024-09-17 13:30:31,149 [INFO] PluginManager:220 - loadIPPluginJar : add nvic
2024-09-17 13:30:31,151 [INFO] IPUIPlugin:80 - create IPUIPlugin
2024-09-17 13:30:31,151 [INFO] PluginManager:220 - loadIPPluginJar : add opamp
2024-09-17 13:30:31,153 [INFO] IPUIPlugin:80 - create IPUIPlugin
2024-09-17 13:30:31,153 [INFO] PluginManager:220 - loadIPPluginJar : add openamp
2024-09-17 13:30:31,155 [INFO] IPUIPlugin:80 - create IPUIPlugin
2024-09-17 13:30:31,155 [INFO] PluginManager:220 - loadIPPluginJar : add pdm2pcm
2024-09-17 13:30:31,159 [INFO] IPUIPlugin:80 - create IPUIPlugin
2024-09-17 13:30:31,161 [INFO] PluginManager:220 - loadIPPluginJar : add plateformsettings
2024-09-17 13:30:31,162 [INFO] IPUIPlugin:80 - create IPUIPlugin
2024-09-17 13:30:31,162 [INFO] PluginManager:220 - loadIPPluginJar : add quadspi
2024-09-17 13:30:31,164 [INFO] IPUIPlugin:80 - create IPUIPlugin
2024-09-17 13:30:31,164 [INFO] PluginManager:220 - loadIPPluginJar : add radio
2024-09-17 13:30:31,167 [INFO] IPUIPlugin:80 - create IPUIPlugin
2024-09-17 13:30:31,167 [INFO] PluginManager:220 - loadIPPluginJar : add resmgrutility
2024-09-17 13:30:31,169 [INFO] IPUIPlugin:80 - create IPUIPlugin
2024-09-17 13:30:31,170 [INFO] PluginManager:220 - loadIPPluginJar : add sai
2024-09-17 13:30:31,171 [INFO] IPUIPlugin:80 - create IPUIPlugin
2024-09-17 13:30:31,171 [INFO] PluginManager:220 - loadIPPluginJar : add spi
2024-09-17 13:30:31,174 [INFO] IPUIPlugin:80 - create IPUIPlugin
2024-09-17 13:30:31,174 [INFO] PluginManager:220 - loadIPPluginJar : add stm32_wpan
2024-09-17 13:30:31,176 [INFO] IPUIPlugin:80 - create IPUIPlugin
2024-09-17 13:30:31,176 [INFO] PluginManager:220 - loadIPPluginJar : add tim
2024-09-17 13:30:31,178 [INFO] IPUIPlugin:80 - create IPUIPlugin
2024-09-17 13:30:31,178 [INFO] PluginManager:220 - loadIPPluginJar : add touchsensing
2024-09-17 13:30:31,180 [INFO] IPUIPlugin:80 - create IPUIPlugin
2024-09-17 13:30:31,180 [INFO] PluginManager:220 - loadIPPluginJar : add tracer_emb
2024-09-17 13:30:31,181 [INFO] IPUIPlugin:80 - create IPUIPlugin
2024-09-17 13:30:31,181 [INFO] PluginManager:220 - loadIPPluginJar : add ts
2024-09-17 13:30:31,183 [INFO] IPUIPlugin:80 - create IPUIPlugin
2024-09-17 13:30:31,183 [INFO] PluginManager:220 - loadIPPluginJar : add tsc
2024-09-17 13:30:31,184 [INFO] IPUIPlugin:80 - create IPUIPlugin
2024-09-17 13:30:31,184 [INFO] PluginManager:220 - loadIPPluginJar : add ucpd
2024-09-17 13:30:31,186 [INFO] IPUIPlugin:80 - create IPUIPlugin
2024-09-17 13:30:31,186 [INFO] PluginManager:220 - loadIPPluginJar : add usart
2024-09-17 13:30:31,188 [INFO] IPUIPlugin:80 - create IPUIPlugin
2024-09-17 13:30:31,188 [INFO] PluginManager:220 - loadIPPluginJar : add usbx
2024-09-17 13:30:31,298 [INFO] CADModel:165 - CPN selected for project level
2024-09-17 13:30:31,299 [INFO] CADModel:114 - Register for checkConnection events
2024-09-17 13:30:31,299 [FATAL] Updater:334 - Updater called before beeing initialized
2024-09-17 13:30:31,299 [ERROR] CADModel:125 - Updater not yet initialized, retry later 
2024-09-17 13:30:31,516 [INFO] CADModel:165 - CPN selected for project level
2024-09-17 13:30:31,516 [INFO] CADModel:114 - Register for checkConnection events
2024-09-17 13:30:31,516 [FATAL] Updater:334 - Updater called before beeing initialized
2024-09-17 13:30:31,516 [ERROR] CADModel:125 - Updater not yet initialized, retry later 
2024-09-17 13:30:31,518 [FATAL] Updater:334 - Updater called before beeing initialized
2024-09-17 13:30:31,580 [FATAL] Updater:334 - Updater called before beeing initialized
2024-09-17 13:30:31,585 [INFO] DbMcusAds:53 - JSON generation date=Thu May 16 05:22:00 EDT 2024 (1715851320667)
2024-09-17 13:30:31,585 [FATAL] Updater:334 - Updater called before beeing initialized
2024-09-17 13:30:31,622 [WARN] DetailPanel:346 - Failed to get advertising image, set to default
2024-09-17 13:30:31,681 [FATAL] Updater:334 - Updater called before beeing initialized
2024-09-17 13:30:31,683 [FATAL] Updater:334 - Updater called before beeing initialized
2024-09-17 13:30:31,683 [FATAL] Updater:334 - Updater called before beeing initialized
2024-09-17 13:30:31,683 [WARN] DetailPanel:346 - Failed to get advertising image, set to default
2024-09-17 13:30:31,684 [FATAL] Updater:334 - Updater called before beeing initialized
2024-09-17 13:30:31,732 [ERROR] Updater:1164 - MainUpdater not yet initialized. External WinMGr cannot be set.
2024-09-17 13:30:31,734 [INFO] Updater:1100 - Updater Version found : 6.12.0
2024-09-17 13:30:31,758 [INFO] ApplicationProperties:184 - Using Application install path: D:\STMCubeIDE\STM32CubeIDE_1.16.0\STM32CubeIDE\plugins\com.st.stm32cube.common.mx_6.12.0.202406281431
