2024-11-21 09:29:14,594 [INFO] Activator:176 - 


2024-11-21 09:29:14,600 [INFO] Activator:177 - !SESSION log4j initialized
2024-11-21 09:29:18,762 [INFO] LogOutputStream:77 - [STDOUT_REDIRECT] 
2024-11-21 09:29:19,768 [INFO] ApplicationProperties:184 - Using Application install path: D:\STMCubeIDE\STM32CubeIDE_1.16.0\STM32CubeIDE\plugins\com.st.stm32cube.common.mx_6.12.0.202406281431
2024-11-21 09:29:19,783 [INFO] DbMcusXml:78 - Set database path to: D:\STMCubeIDE\STM32CubeIDE_1.16.0\STM32CubeIDE\plugins\com.st.stm32cube.common.mx_6.12.0.202406281431\\db\/mcu/
2024-11-21 09:29:19,783 [INFO] ApiDb:274 - Set plugin database path to: D:\STMCubeIDE\STM32CubeIDE_1.16.0\STM32CubeIDE\plugins\com.st.stm32cube.common.mx_6.12.0.202406281431\\db\/plugins/boardmanager/
2024-11-21 09:29:19,802 [WARN] ApiDb:259 - Overriding images path with different value:  => D:\STMCubeIDE\STM32CubeIDE_1.16.0\STM32CubeIDE\plugins\com.st.stm32cube.common.mx_6.12.0.202406281431\\db\/plugins/mcufinder/images/
2024-11-21 09:29:19,808 [INFO] ApiDb:250 - Set database path to: C:\Users\Z_cha\.stmcufinder\plugins\mcufinder//mcu/
2024-11-21 09:29:19,809 [INFO] DbMcusAds:125 - Set database path to: C:\Users\Z_cha\.stmcufinder\plugins\mcufinder//mcu/
2024-11-21 09:29:19,811 [INFO] CrossReferenceDbSqlite:203 - Set database path to: C:\Users\Z_cha\.stmcufinder\plugins\mcufinder//mcu/cs/
2024-11-21 09:29:19,888 [INFO] RulesReader:64 - Compatibility file has been processed (297 Rules)
2024-11-21 09:29:19,938 [INFO] DbMcusXml:78 - Set database path to: D:\STMCubeIDE\STM32CubeIDE_1.16.0\STM32CubeIDE\plugins\com.st.stm32cube.common.mx_6.12.0.202406281431\\db\/mcu/
2024-11-21 09:29:19,938 [INFO] ApiDb:274 - Set plugin database path to: D:\STMCubeIDE\STM32CubeIDE_1.16.0\STM32CubeIDE\plugins\com.st.stm32cube.common.mx_6.12.0.202406281431\\db\/plugins/boardmanager/
2024-11-21 09:29:19,938 [INFO] ApiDb:261 - Set plugin images path to: D:\STMCubeIDE\STM32CubeIDE_1.16.0\STM32CubeIDE\plugins\com.st.stm32cube.common.mx_6.12.0.202406281431\\db\/plugins/mcufinder/images/
2024-11-21 09:29:19,938 [WARN] DbFile:41 - Overriding database path with different value: C:\Users\Z_cha\.stmcufinder\plugins\mcufinder/ => C:\Users\Z_cha\.stmcufinder\plugins\mcufinder
2024-11-21 09:29:19,939 [INFO] ApiDb:250 - Set database path to: C:\Users\Z_cha\.stmcufinder\plugins\mcufinder//mcu/
2024-11-21 09:29:19,939 [WARN] DbFile:41 - Overriding database path with different value: C:\Users\Z_cha\.stmcufinder\plugins\mcufinder/ => C:\Users\Z_cha\.stmcufinder\plugins\mcufinder
2024-11-21 09:29:19,939 [INFO] DbMcusAds:125 - Set database path to: C:\Users\Z_cha\.stmcufinder\plugins\mcufinder//mcu/
2024-11-21 09:29:19,939 [WARN] DbFile:41 - Overriding database path with different value: C:\Users\Z_cha\.stmcufinder\plugins\mcufinder/ => C:\Users\Z_cha\.stmcufinder\plugins\mcufinder
2024-11-21 09:29:19,939 [WARN] DbFile:41 - Overriding database path with different value: C:\Users\Z_cha\.stmcufinder\plugins\mcufinder/ => C:\Users\Z_cha\.stmcufinder\plugins\mcufinder
2024-11-21 09:29:19,939 [INFO] CrossReferenceDbSqlite:203 - Set database path to: C:\Users\Z_cha\.stmcufinder\plugins\mcufinder//mcu/cs/
2024-11-21 09:29:20,041 [INFO] MainPanel:268 - HeapMemory: 268435456
2024-11-21 09:29:20,095 [INFO] DbMcusXml:78 - Set database path to: D:\STMCubeIDE\STM32CubeIDE_1.16.0\STM32CubeIDE\plugins\com.st.stm32cube.common.mx_6.12.0.202406281431\\db\/mcu/
2024-11-21 09:29:20,095 [INFO] ApiDb:274 - Set plugin database path to: D:\STMCubeIDE\STM32CubeIDE_1.16.0\STM32CubeIDE\plugins\com.st.stm32cube.common.mx_6.12.0.202406281431\\db\/plugins/boardmanager/
2024-11-21 09:29:20,095 [INFO] ApiDb:261 - Set plugin images path to: D:\STMCubeIDE\STM32CubeIDE_1.16.0\STM32CubeIDE\plugins\com.st.stm32cube.common.mx_6.12.0.202406281431\\db\/plugins/mcufinder/images/
2024-11-21 09:29:20,095 [WARN] DbFile:41 - Overriding database path with different value: C:\Users\Z_cha\.stmcufinder\plugins\mcufinder/ => C:\Users\Z_cha\.stmcufinder\plugins\mcufinder
2024-11-21 09:29:20,095 [INFO] ApiDb:250 - Set database path to: C:\Users\Z_cha\.stmcufinder\plugins\mcufinder//mcu/
2024-11-21 09:29:20,095 [WARN] DbFile:41 - Overriding database path with different value: C:\Users\Z_cha\.stmcufinder\plugins\mcufinder/ => C:\Users\Z_cha\.stmcufinder\plugins\mcufinder
2024-11-21 09:29:20,095 [INFO] DbMcusAds:125 - Set database path to: C:\Users\Z_cha\.stmcufinder\plugins\mcufinder//mcu/
2024-11-21 09:29:20,095 [WARN] DbFile:41 - Overriding database path with different value: C:\Users\Z_cha\.stmcufinder\plugins\mcufinder/ => C:\Users\Z_cha\.stmcufinder\plugins\mcufinder
2024-11-21 09:29:20,095 [WARN] DbFile:41 - Overriding database path with different value: C:\Users\Z_cha\.stmcufinder\plugins\mcufinder/ => C:\Users\Z_cha\.stmcufinder\plugins\mcufinder
2024-11-21 09:29:20,095 [INFO] CrossReferenceDbSqlite:203 - Set database path to: C:\Users\Z_cha\.stmcufinder\plugins\mcufinder//mcu/cs/
2024-11-21 09:29:20,106 [INFO] ApplicationProperties:184 - Using Application install path: D:\STMCubeIDE\STM32CubeIDE_1.16.0\STM32CubeIDE\plugins\com.st.stm32cube.common.mx_6.12.0.202406281431
2024-11-21 09:29:20,107 [INFO] PluginManage:196 - Search for loadable plugins [exclusion list=, ]
2024-11-21 09:29:20,108 [INFO] PluginManage:310 - Check plugin analytics
2024-11-21 09:29:20,230 [INFO] AnalyticsPlugin:253 - Accepted Software Licenses: 
2024-11-21 09:29:20,230 [INFO] AnalyticsPlugin:255 - Accepted CMSIS Pack Licenses: 
2024-11-21 09:29:20,231 [INFO] AnalyticsPlugin:257 - Accepted Firmware Licenses: FW.F4.1.28.0
2024-11-21 09:29:20,234 [INFO] PluginManage:359 - Loaded plugin analytics (category:tool,tabindex:-1)
2024-11-21 09:29:20,235 [INFO] PluginManage:310 - Check plugin cadmodel
2024-11-21 09:29:20,237 [INFO] CADModel:105 - Init CAD model plugin
2024-11-21 09:29:20,237 [INFO] PluginManage:359 - Loaded plugin cadmodel (category:power,tabindex:5)
2024-11-21 09:29:20,238 [INFO] PluginManage:310 - Check plugin clock
2024-11-21 09:29:20,242 [INFO] PluginManage:359 - Loaded plugin clock (category:base,tabindex:2)
2024-11-21 09:29:20,242 [INFO] PluginManage:310 - Check plugin ddr
2024-11-21 09:29:20,245 [INFO] PluginManage:359 - Loaded plugin ddr (category:tool,tabindex:6)
2024-11-21 09:29:20,245 [INFO] PluginManage:310 - Check plugin filemanager
2024-11-21 09:29:20,361 [INFO] PluginManage:359 - Loaded plugin filemanager (category:base,tabindex:10)
2024-11-21 09:29:20,361 [INFO] PluginManage:310 - Check plugin ipmanager
2024-11-21 09:29:20,367 [INFO] PluginManage:359 - Loaded plugin ipmanager (category:base,tabindex:5)
2024-11-21 09:29:20,368 [INFO] PluginManage:310 - Check plugin lpbam
2024-11-21 09:29:20,373 [INFO] PluginManage:359 - Loaded plugin lpbam (category:base,tabindex:0)
2024-11-21 09:29:20,374 [INFO] PluginManage:310 - Check plugin memorymap
2024-11-21 09:29:20,380 [INFO] PluginManage:359 - Loaded plugin memorymap (category:base,tabindex:4)
2024-11-21 09:29:20,380 [INFO] PluginManage:310 - Check plugin pinoutandconfiguration
2024-11-21 09:29:20,385 [INFO] PluginManage:359 - Loaded plugin pinoutandconfiguration (category:base,tabindex:1)
2024-11-21 09:29:20,385 [INFO] PluginManage:310 - Check plugin pinoutconfig
2024-11-21 09:29:20,511 [WARN] SupportedApi:132 - Cannot load RTOS API schema: s4s-elt-must-match.1: The content of 'definitions' must match (annotation?, (simpleType | complexType)?, (unique | key | keyref)*)). A problem was found starting at: attribute.
2024-11-21 09:29:20,736 [INFO] PluginManage:359 - Loaded plugin pinoutconfig (category:base,tabindex:0)
2024-11-21 09:29:20,736 [INFO] PluginManage:310 - Check plugin power
2024-11-21 09:29:20,741 [INFO] PluginManage:359 - Loaded plugin power (category:power,tabindex:4)
2024-11-21 09:29:20,741 [INFO] PluginManage:310 - Check plugin projectmanager
2024-11-21 09:29:20,751 [INFO] PluginManage:359 - Loaded plugin projectmanager (category:projectmanager,tabindex:4)
2024-11-21 09:29:20,752 [INFO] PluginManage:310 - Check plugin rif
2024-11-21 09:29:20,754 [INFO] PluginManage:359 - Loaded plugin rif (category:base,tabindex:3)
2024-11-21 09:29:20,754 [INFO] PluginManage:310 - Check plugin thirdparty
2024-11-21 09:29:20,862 [WARN] IntegrityCheckThread:84 - waiting for thirdparty lock release [integrity check]
2024-11-21 09:29:20,862 [INFO] IntegrityCheckThread:86 - entering critical section [integrity check]
2024-11-21 09:29:20,863 [INFO] PluginManage:359 - Loaded plugin thirdparty (category:base,tabindex:-1)
2024-11-21 09:29:20,863 [INFO] PluginManage:310 - Check plugin tools
2024-11-21 09:29:20,863 [INFO] ThirdPartyUpdaterWithRetryManager:70 - Updater plugin not ready yet. [1/15]
2024-11-21 09:29:20,866 [INFO] PluginManage:359 - Loaded plugin tools (category:base,tabindex:7)
2024-11-21 09:29:20,867 [INFO] PluginManage:310 - Check plugin tutovideos
2024-11-21 09:29:21,001 [INFO] PluginManage:359 - Loaded plugin tutovideos (category:base,tabindex:-1)
2024-11-21 09:29:21,001 [INFO] PluginManage:310 - Check plugin updater
2024-11-21 09:29:21,021 [INFO] PluginManage:359 - Loaded plugin updater (category:base,tabindex:12)
2024-11-21 09:29:21,021 [INFO] PluginManage:310 - Check plugin userauth
2024-11-21 09:29:21,025 [INFO] UserAuth:113 - Init User Auth plugin
2024-11-21 09:29:21,025 [INFO] PluginManage:359 - Loaded plugin userauth (category:base,tabindex:14)
2024-11-21 09:29:21,025 [INFO] PluginManage:283 - PluginManage : Loaded plugins [18]
2024-11-21 09:29:21,213 [INFO] PinOutPanel:1561 - setPackage(No Configuration,No Configuration)
2024-11-21 09:29:21,279 [INFO] CADModel:165 - CPN selected for project level
2024-11-21 09:29:21,279 [INFO] CADModel:114 - Register for checkConnection events
2024-11-21 09:29:21,289 [INFO] IPUIPlugin:80 - create IPUIPlugin
2024-11-21 09:29:21,289 [INFO] PluginManager:220 - loadIPPluginJar : add adc
2024-11-21 09:29:21,290 [INFO] IPUIPlugin:80 - create IPUIPlugin
2024-11-21 09:29:21,291 [INFO] PluginManager:220 - loadIPPluginJar : add aes
2024-11-21 09:29:21,292 [INFO] IPUIPlugin:80 - create IPUIPlugin
2024-11-21 09:29:21,292 [INFO] PluginManager:220 - loadIPPluginJar : add can
2024-11-21 09:29:21,294 [INFO] IPUIPlugin:80 - create IPUIPlugin
2024-11-21 09:29:21,294 [INFO] PluginManager:220 - loadIPPluginJar : add comp
2024-11-21 09:29:21,295 [INFO] IPUIPlugin:80 - create IPUIPlugin
2024-11-21 09:29:21,295 [INFO] PluginManager:220 - loadIPPluginJar : add cryp
2024-11-21 09:29:21,296 [INFO] IPUIPlugin:80 - create IPUIPlugin
2024-11-21 09:29:21,296 [INFO] PluginManager:220 - loadIPPluginJar : add ddr_ctrl_phy
2024-11-21 09:29:21,297 [INFO] IPUIPlugin:80 - create IPUIPlugin
2024-11-21 09:29:21,297 [INFO] PluginManager:220 - loadIPPluginJar : add dfsdm
2024-11-21 09:29:21,300 [INFO] IPUIPlugin:80 - create IPUIPlugin
2024-11-21 09:29:21,301 [INFO] PluginManager:220 - loadIPPluginJar : add dma
2024-11-21 09:29:21,302 [INFO] IPUIPlugin:80 - create IPUIPlugin
2024-11-21 09:29:21,302 [INFO] PluginManager:220 - loadIPPluginJar : add dma3
2024-11-21 09:29:21,303 [INFO] IPUIPlugin:80 - create IPUIPlugin
2024-11-21 09:29:21,303 [INFO] PluginManager:220 - loadIPPluginJar : add extmemmanager
2024-11-21 09:29:21,304 [INFO] IPUIPlugin:80 - create IPUIPlugin
2024-11-21 09:29:21,304 [INFO] PluginManager:220 - loadIPPluginJar : add fatfs
2024-11-21 09:29:21,307 [INFO] IPUIPlugin:80 - create IPUIPlugin
2024-11-21 09:29:21,307 [INFO] PluginManager:220 - loadIPPluginJar : add fmc
2024-11-21 09:29:21,311 [INFO] IPUIPlugin:80 - create IPUIPlugin
2024-11-21 09:29:21,311 [INFO] PluginManager:220 - loadIPPluginJar : add freertos
2024-11-21 09:29:21,312 [INFO] IPUIPlugin:80 - create IPUIPlugin
2024-11-21 09:29:21,312 [INFO] PluginManager:220 - loadIPPluginJar : add genericplugin
2024-11-21 09:29:21,313 [INFO] IPUIPlugin:80 - create IPUIPlugin
2024-11-21 09:29:21,313 [INFO] PluginManager:220 - loadIPPluginJar : add gfxmmu
2024-11-21 09:29:21,316 [INFO] IPUIPlugin:80 - create IPUIPlugin
2024-11-21 09:29:21,316 [INFO] PluginManager:220 - loadIPPluginJar : add gic
2024-11-21 09:29:21,319 [INFO] IPUIPlugin:80 - create IPUIPlugin
2024-11-21 09:29:21,319 [INFO] PluginManager:220 - loadIPPluginJar : add gpio
2024-11-21 09:29:21,321 [INFO] IPUIPlugin:80 - create IPUIPlugin
2024-11-21 09:29:21,321 [INFO] PluginManager:220 - loadIPPluginJar : add gtzc
2024-11-21 09:29:21,323 [INFO] IPUIPlugin:80 - create IPUIPlugin
2024-11-21 09:29:21,324 [INFO] PluginManager:220 - loadIPPluginJar : add hash
2024-11-21 09:29:21,326 [INFO] IPUIPlugin:80 - create IPUIPlugin
2024-11-21 09:29:21,326 [INFO] PluginManager:220 - loadIPPluginJar : add i2c
2024-11-21 09:29:21,328 [INFO] IPUIPlugin:80 - create IPUIPlugin
2024-11-21 09:29:21,328 [INFO] PluginManager:220 - loadIPPluginJar : add i2s
2024-11-21 09:29:21,331 [INFO] IPUIPlugin:80 - create IPUIPlugin
2024-11-21 09:29:21,331 [INFO] PluginManager:220 - loadIPPluginJar : add i3c
2024-11-21 09:29:21,334 [INFO] IPUIPlugin:80 - create IPUIPlugin
2024-11-21 09:29:21,334 [INFO] PluginManager:220 - loadIPPluginJar : add ipddr
2024-11-21 09:29:21,343 [INFO] IPUIPlugin:80 - create IPUIPlugin
2024-11-21 09:29:21,346 [INFO] PluginManager:220 - loadIPPluginJar : add linkedlist
2024-11-21 09:29:21,349 [INFO] IPUIPlugin:80 - create IPUIPlugin
2024-11-21 09:29:21,349 [INFO] PluginManager:220 - loadIPPluginJar : add lorawan
2024-11-21 09:29:21,351 [INFO] IPUIPlugin:80 - create IPUIPlugin
2024-11-21 09:29:21,351 [INFO] PluginManager:220 - loadIPPluginJar : add ltdc
2024-11-21 09:29:21,358 [INFO] IPUIPlugin:80 - create IPUIPlugin
2024-11-21 09:29:21,358 [INFO] PluginManager:220 - loadIPPluginJar : add mdma
2024-11-21 09:29:21,362 [INFO] IPUIPlugin:80 - create IPUIPlugin
2024-11-21 09:29:21,362 [INFO] PluginManager:220 - loadIPPluginJar : add nvic
2024-11-21 09:29:21,366 [INFO] IPUIPlugin:80 - create IPUIPlugin
2024-11-21 09:29:21,366 [INFO] PluginManager:220 - loadIPPluginJar : add opamp
2024-11-21 09:29:21,368 [INFO] IPUIPlugin:80 - create IPUIPlugin
2024-11-21 09:29:21,370 [INFO] PluginManager:220 - loadIPPluginJar : add openamp
2024-11-21 09:29:21,373 [INFO] IPUIPlugin:80 - create IPUIPlugin
2024-11-21 09:29:21,373 [INFO] PluginManager:220 - loadIPPluginJar : add pdm2pcm
2024-11-21 09:29:21,381 [INFO] IPUIPlugin:80 - create IPUIPlugin
2024-11-21 09:29:21,384 [INFO] PluginManager:220 - loadIPPluginJar : add plateformsettings
2024-11-21 09:29:21,386 [INFO] IPUIPlugin:80 - create IPUIPlugin
2024-11-21 09:29:21,386 [INFO] PluginManager:220 - loadIPPluginJar : add quadspi
2024-11-21 09:29:21,389 [INFO] IPUIPlugin:80 - create IPUIPlugin
2024-11-21 09:29:21,389 [INFO] PluginManager:220 - loadIPPluginJar : add radio
2024-11-21 09:29:21,393 [INFO] IPUIPlugin:80 - create IPUIPlugin
2024-11-21 09:29:21,393 [INFO] PluginManager:220 - loadIPPluginJar : add resmgrutility
2024-11-21 09:29:21,396 [INFO] IPUIPlugin:80 - create IPUIPlugin
2024-11-21 09:29:21,396 [INFO] PluginManager:220 - loadIPPluginJar : add sai
2024-11-21 09:29:21,398 [INFO] IPUIPlugin:80 - create IPUIPlugin
2024-11-21 09:29:21,398 [INFO] PluginManager:220 - loadIPPluginJar : add spi
2024-11-21 09:29:21,404 [INFO] IPUIPlugin:80 - create IPUIPlugin
2024-11-21 09:29:21,404 [INFO] PluginManager:220 - loadIPPluginJar : add stm32_wpan
2024-11-21 09:29:21,408 [INFO] IPUIPlugin:80 - create IPUIPlugin
2024-11-21 09:29:21,408 [INFO] PluginManager:220 - loadIPPluginJar : add tim
2024-11-21 09:29:21,413 [INFO] IPUIPlugin:80 - create IPUIPlugin
2024-11-21 09:29:21,413 [INFO] PluginManager:220 - loadIPPluginJar : add touchsensing
2024-11-21 09:29:21,422 [INFO] IPUIPlugin:80 - create IPUIPlugin
2024-11-21 09:29:21,422 [INFO] PluginManager:220 - loadIPPluginJar : add tracer_emb
2024-11-21 09:29:21,428 [INFO] IPUIPlugin:80 - create IPUIPlugin
2024-11-21 09:29:21,428 [INFO] PluginManager:220 - loadIPPluginJar : add ts
2024-11-21 09:29:21,431 [INFO] IPUIPlugin:80 - create IPUIPlugin
2024-11-21 09:29:21,432 [INFO] PluginManager:220 - loadIPPluginJar : add tsc
2024-11-21 09:29:21,434 [INFO] IPUIPlugin:80 - create IPUIPlugin
2024-11-21 09:29:21,434 [INFO] PluginManager:220 - loadIPPluginJar : add ucpd
2024-11-21 09:29:21,438 [INFO] IPUIPlugin:80 - create IPUIPlugin
2024-11-21 09:29:21,438 [INFO] PluginManager:220 - loadIPPluginJar : add usart
2024-11-21 09:29:21,441 [INFO] IPUIPlugin:80 - create IPUIPlugin
2024-11-21 09:29:21,441 [INFO] PluginManager:220 - loadIPPluginJar : add usbx
2024-11-21 09:29:21,571 [INFO] CADModel:165 - CPN selected for project level
2024-11-21 09:29:21,572 [INFO] CADModel:114 - Register for checkConnection events
2024-11-21 09:29:21,572 [FATAL] Updater:334 - Updater called before beeing initialized
2024-11-21 09:29:21,572 [ERROR] CADModel:125 - Updater not yet initialized, retry later 
2024-11-21 09:29:21,772 [INFO] CADModel:165 - CPN selected for project level
2024-11-21 09:29:21,772 [INFO] CADModel:114 - Register for checkConnection events
2024-11-21 09:29:21,772 [FATAL] Updater:334 - Updater called before beeing initialized
2024-11-21 09:29:21,772 [ERROR] CADModel:125 - Updater not yet initialized, retry later 
2024-11-21 09:29:21,774 [FATAL] Updater:334 - Updater called before beeing initialized
2024-11-21 09:29:21,863 [FATAL] Updater:334 - Updater called before beeing initialized
2024-11-21 09:29:21,866 [INFO] DbMcusAds:53 - JSON generation date=Fri Sep 20 09:04:38 EDT 2024 (1726837478367)
2024-11-21 09:29:21,866 [FATAL] Updater:334 - Updater called before beeing initialized
2024-11-21 09:29:21,886 [WARN] DetailPanel:346 - Failed to get advertising image, set to default
2024-11-21 09:29:21,950 [FATAL] Updater:334 - Updater called before beeing initialized
2024-11-21 09:29:21,953 [FATAL] Updater:334 - Updater called before beeing initialized
2024-11-21 09:29:21,954 [FATAL] Updater:334 - Updater called before beeing initialized
2024-11-21 09:29:21,954 [WARN] DetailPanel:346 - Failed to get advertising image, set to default
2024-11-21 09:29:21,954 [FATAL] Updater:334 - Updater called before beeing initialized
2024-11-21 09:29:21,987 [ERROR] Updater:1164 - MainUpdater not yet initialized. External WinMGr cannot be set.
2024-11-21 09:29:21,988 [INFO] Updater:1100 - Updater Version found : 6.12.0
2024-11-21 09:29:22,000 [INFO] ApplicationProperties:184 - Using Application install path: D:\STMCubeIDE\STM32CubeIDE_1.16.0\STM32CubeIDE\plugins\com.st.stm32cube.common.mx_6.12.0.202406281431
2024-11-21 09:29:23,569 [ERROR] LogOutputStream:75 - [STDERR_REDIRECT] Nov 21, 2024 9:29:23 AM java.util.prefs.WindowsPreferences <init>
2024-11-21 09:29:23,571 [ERROR] LogOutputStream:75 - [STDERR_REDIRECT] WARNING: Could not open/create prefs root node Software\JavaSoft\Prefs at root 0xffffffff80000002. Windows RegCreateKeyEx(...) returned error code 5.
2024-11-21 09:29:23,572 [ERROR] LogOutputStream:75 - [STDERR_REDIRECT] 
2024-11-21 09:29:23,867 [INFO] ThirdPartyUpdaterWithRetryManager:70 - Updater plugin not ready yet. [2/15]
2024-11-21 09:29:23,890 [INFO] MainUpdater:2873 - connection check result : 10
2024-11-21 09:29:23,892 [INFO] MainUpdater:290 - Updater Check For Update Now.
2024-11-21 09:29:23,892 [INFO] MicroXplorer:498 - Change Database Version : DB.6.0.120
2024-11-21 09:29:23,909 [INFO] McuFinderGlobals:63 - Set McuFinder mode to 2 (CubeIDE integrated)
2024-11-21 09:29:23,910 [INFO] UserAuth:417 - Internet connection configuration mode: 1
2024-11-21 09:29:23,966 [INFO] JxBrowserEngine:152 - Initiate JxBrowser Engine with user profile folder
2024-11-21 09:29:24,096 [INFO] CheckServerUpdateThread:120 - End of CheckServer Thread
2024-11-21 09:29:24,618 [INFO] WebApp:167 - Instantiating new browser for Auth
2024-11-21 09:29:25,205 [INFO] WebApp:448 - Apply proxy settings
2024-11-21 09:29:25,206 [INFO] WebApp:533 - Chromium requires no authentication
2024-11-21 09:29:25,210 [INFO] WebApp:476 - Direct internet connection detected
2024-11-21 09:29:25,222 [INFO] WebApp:869 - Register for checkConnection events
2024-11-21 09:29:25,222 [INFO] WebApp:448 - Apply proxy settings
2024-11-21 09:29:25,222 [INFO] WebApp:533 - Chromium requires no authentication
2024-11-21 09:29:25,223 [INFO] WebApp:476 - Direct internet connection detected
2024-11-21 09:29:25,327 [INFO] WebApp:220 - Starting web application
2024-11-21 09:29:25,327 [INFO] WebApp:578 - Web application path used D:\STMCubeIDE\STM32CubeIDE_1.16.0\STM32CubeIDE\plugins\com.st.stm32cube.common.mx_6.12.0.202406281431\db\plugins\mcufinder\reactClient1\index.html
2024-11-21 09:29:25,386 [INFO] UserAuth:417 - Internet connection configuration mode: 1
2024-11-21 09:29:25,466 [INFO] WebApp:186 - Connection restablished
2024-11-21 09:29:27,092 [WARN] PackLoader:240 - Cannot read IP mode file for STMicroelectronics.FP-SNS-MOTENVWB1.1.4.0
2024-11-21 09:29:27,109 [WARN] PackLoader:240 - Cannot read IP mode file for STMicroelectronics.FP-ATR-ASTRA1.2.0.1
2024-11-21 09:29:27,115 [WARN] PackLoader:240 - Cannot read IP mode file for STMicroelectronics.X-CUBE-SMBUS.2.1.0
2024-11-21 09:29:27,119 [WARN] PackLoader:240 - Cannot read IP mode file for STMicroelectronics.X-CUBE-WB05N.1.1.0
2024-11-21 09:29:27,198 [WARN] PackLoader:240 - Cannot read IP mode file for STMicroelectronics.X-CUBE-AZRTOS-F7.1.1.0
2024-11-21 09:29:27,275 [WARN] PackLoader:240 - Cannot read IP mode file for STMicroelectronics.X-CUBE-MEMS1.11.0.0
2024-11-21 09:29:27,378 [WARN] PackLoader:240 - Cannot read IP mode file for STMicroelectronics.FP-SNS-FLIGHT1.5.0.2
2024-11-21 09:29:27,390 [WARN] PackLoader:240 - Cannot read IP mode file for STMicroelectronics.X-CUBE-DISPLAY.3.0.0
2024-11-21 09:29:27,399 [WARN] PackLoader:240 - Cannot read IP mode file for STMicroelectronics.X-CUBE-BLE1.7.0.0
2024-11-21 09:29:27,403 [WARN] PackLoader:240 - Cannot read IP mode file for STMicroelectronics.X-CUBE-NFC10.1.0.0
2024-11-21 09:29:27,410 [WARN] PackLoader:240 - Cannot read IP mode file for emotas.I-CUBE-CANOPEN.1.3.0
2024-11-21 09:29:27,418 [WARN] PackLoader:240 - Cannot read IP mode file for STMicroelectronics.X-CUBE-BLEMGR.3.1.0
2024-11-21 09:29:27,422 [WARN] PackLoader:240 - Cannot read IP mode file for STMicroelectronics.FP-SNS-SMARTAG2.1.2.0
2024-11-21 09:29:27,430 [INFO] LogOutputStream:77 - [STDOUT_REDIRECT] 1 : Invalid condition id : UX_CORESTACK_Condition cause : null
2024-11-21 09:29:27,431 [INFO] LogOutputStream:77 - [STDOUT_REDIRECT] 1 : Invalid condition id : UX_CORESTACK_Condition cause : null
2024-11-21 09:29:27,432 [INFO] LogOutputStream:77 - [STDOUT_REDIRECT] 1 : Invalid condition id : UX_CORESTACK_Condition cause : null
2024-11-21 09:29:27,433 [INFO] LogOutputStream:77 - [STDOUT_REDIRECT] 1 : Invalid condition id : UX_CORESTACK_Condition cause : null
2024-11-21 09:29:27,434 [INFO] LogOutputStream:77 - [STDOUT_REDIRECT] 1 : Invalid condition id : UX_CORESTACK_Condition cause : null
2024-11-21 09:29:27,437 [WARN] PackLoader:240 - Cannot read IP mode file for STMicroelectronics.X-CUBE-AZRTOS-WL.2.0.0
2024-11-21 09:29:27,441 [WARN] PackLoader:240 - Cannot read IP mode file for STMicroelectronics.FP-SNS-MOTENV1.5.0.0
2024-11-21 09:29:27,446 [WARN] PackLoader:240 - Cannot read IP mode file for wolfSSL.I-CUBE-wolfMQTT.1.19.0
2024-11-21 09:29:27,453 [WARN] PackLoader:240 - Cannot read IP mode file for WES.I-CUBE-Cesium.1.3.0
2024-11-21 09:29:27,456 [WARN] PackLoader:240 - Cannot read IP mode file for STMicroelectronics.X-CUBE-BLE2.3.3.0
2024-11-21 09:29:27,468 [WARN] PackLoader:240 - Cannot read IP mode file for STMicroelectronics.X-CUBE-NFC9.1.0.0
2024-11-21 09:29:27,473 [WARN] PackLoader:240 - Cannot read IP mode file for STMicroelectronics.X-CUBE-TCPP.4.1.0
2024-11-21 09:29:27,484 [WARN] PackLoader:240 - Cannot read IP mode file for STMicroelectronics.X-CUBE-AZRTOS-G0.1.1.0
2024-11-21 09:29:27,492 [WARN] PackLoader:240 - Cannot read IP mode file for STMicroelectronics.X-CUBE-SAFEA1.1.2.2
2024-11-21 09:29:27,496 [WARN] PackLoader:240 - Cannot read IP mode file for STMicroelectronics.X-CUBE-NFC4.3.0.0
2024-11-21 09:29:27,502 [WARN] PackLoader:240 - Cannot read IP mode file for EmbeddedOffice.I-CUBE-FS-RTOS.1.0.1
2024-11-21 09:29:27,503 [ERROR] ConditionMgr:805 - Attr not supported : Dmpu
2024-11-21 09:29:27,503 [ERROR] ConditionMgr:805 - Attr not supported : Dmpu
2024-11-21 09:29:27,503 [ERROR] ConditionMgr:805 - Attr not supported : Dmpu
2024-11-21 09:29:27,503 [ERROR] ConditionMgr:805 - Attr not supported : Dmpu
2024-11-21 09:29:27,503 [ERROR] ConditionMgr:805 - Attr not supported : Dmpu
2024-11-21 09:29:27,503 [ERROR] ConditionMgr:805 - Attr not supported : Dmpu
2024-11-21 09:29:27,503 [ERROR] ConditionMgr:805 - Attr not supported : Dmpu
2024-11-21 09:29:27,503 [ERROR] ConditionMgr:805 - Attr not supported : Dmpu
2024-11-21 09:29:27,503 [ERROR] ConditionMgr:805 - Attr not supported : Dmpu
2024-11-21 09:29:27,503 [ERROR] ConditionMgr:805 - Attr not supported : Dmpu
2024-11-21 09:29:27,503 [ERROR] ConditionMgr:805 - Attr not supported : Dmpu
2024-11-21 09:29:27,503 [ERROR] ConditionMgr:805 - Attr not supported : Dmpu
2024-11-21 09:29:27,503 [ERROR] ConditionMgr:805 - Attr not supported : Dmpu
2024-11-21 09:29:27,503 [ERROR] ConditionMgr:805 - Attr not supported : Dmpu
2024-11-21 09:29:27,503 [ERROR] ConditionMgr:805 - Attr not supported : Dmpu
2024-11-21 09:29:27,503 [ERROR] ConditionMgr:805 - Attr not supported : Dmpu
2024-11-21 09:29:27,503 [ERROR] ConditionMgr:805 - Attr not supported : Dmpu
2024-11-21 09:29:27,503 [ERROR] ConditionMgr:805 - Attr not supported : Dmpu
2024-11-21 09:29:27,503 [ERROR] ConditionMgr:805 - Attr not supported : Dmpu
2024-11-21 09:29:27,504 [ERROR] ConditionMgr:805 - Attr not supported : Dmpu
2024-11-21 09:29:27,504 [ERROR] ConditionMgr:805 - Attr not supported : Dmpu
2024-11-21 09:29:27,504 [ERROR] ConditionMgr:805 - Attr not supported : Dmpu
2024-11-21 09:29:27,504 [ERROR] ConditionMgr:805 - Attr not supported : Dmpu
2024-11-21 09:29:27,504 [ERROR] ConditionMgr:805 - Attr not supported : Dmpu
2024-11-21 09:29:27,504 [ERROR] ConditionMgr:805 - Attr not supported : Dmpu
2024-11-21 09:29:27,504 [ERROR] ConditionMgr:805 - Attr not supported : Dmpu
2024-11-21 09:29:27,504 [ERROR] ConditionMgr:805 - Attr not supported : Dmpu
2024-11-21 09:29:27,504 [ERROR] ConditionMgr:805 - Attr not supported : Dmpu
2024-11-21 09:29:27,504 [ERROR] ConditionMgr:805 - Attr not supported : Dmpu
2024-11-21 09:29:27,504 [ERROR] ConditionMgr:805 - Attr not supported : Dmpu
2024-11-21 09:29:27,504 [ERROR] ConditionMgr:805 - Attr not supported : Dmpu
2024-11-21 09:29:27,504 [ERROR] ConditionMgr:805 - Attr not supported : Dmpu
2024-11-21 09:29:27,504 [ERROR] ConditionMgr:805 - Attr not supported : Dmpu
2024-11-21 09:29:27,504 [ERROR] ConditionMgr:805 - Attr not supported : Dmpu
2024-11-21 09:29:27,504 [ERROR] ConditionMgr:805 - Attr not supported : Dmpu
2024-11-21 09:29:27,504 [ERROR] ConditionMgr:805 - Attr not supported : Dmpu
2024-11-21 09:29:27,504 [ERROR] ConditionMgr:805 - Attr not supported : Dmpu
2024-11-21 09:29:27,504 [ERROR] ConditionMgr:805 - Attr not supported : Dmpu
2024-11-21 09:29:27,504 [ERROR] ConditionMgr:805 - Attr not supported : Dmpu
2024-11-21 09:29:27,504 [ERROR] ConditionMgr:805 - Attr not supported : Dmpu
2024-11-21 09:29:27,504 [ERROR] ConditionMgr:805 - Attr not supported : Dmpu
2024-11-21 09:29:27,504 [ERROR] ConditionMgr:805 - Attr not supported : Dmpu
2024-11-21 09:29:27,504 [ERROR] ConditionMgr:805 - Attr not supported : Dmpu
2024-11-21 09:29:27,504 [ERROR] ConditionMgr:805 - Attr not supported : Dmpu
2024-11-21 09:29:27,504 [ERROR] ConditionMgr:805 - Attr not supported : Dmpu
2024-11-21 09:29:27,504 [ERROR] ConditionMgr:805 - Attr not supported : Dmpu
2024-11-21 09:29:27,504 [ERROR] ConditionMgr:805 - Attr not supported : Dmpu
2024-11-21 09:29:27,504 [ERROR] ConditionMgr:805 - Attr not supported : Dmpu
2024-11-21 09:29:27,504 [ERROR] ConditionMgr:805 - Attr not supported : Dmpu
2024-11-21 09:29:27,504 [ERROR] ConditionMgr:805 - Attr not supported : Dmpu
2024-11-21 09:29:27,504 [ERROR] ConditionMgr:805 - Attr not supported : Dmpu
2024-11-21 09:29:27,504 [ERROR] ConditionMgr:805 - Attr not supported : Dmpu
2024-11-21 09:29:27,504 [ERROR] ConditionMgr:805 - Attr not supported : Dmpu
2024-11-21 09:29:27,505 [ERROR] ConditionMgr:805 - Attr not supported : Dmpu
2024-11-21 09:29:27,505 [ERROR] ConditionMgr:805 - Attr not supported : Dmpu
2024-11-21 09:29:27,505 [ERROR] ConditionMgr:805 - Attr not supported : Dmpu
2024-11-21 09:29:27,505 [ERROR] ConditionMgr:805 - Attr not supported : Dmpu
2024-11-21 09:29:27,505 [ERROR] ConditionMgr:805 - Attr not supported : Dmpu
2024-11-21 09:29:27,505 [ERROR] ConditionMgr:805 - Attr not supported : Dmpu
2024-11-21 09:29:27,505 [ERROR] ConditionMgr:805 - Attr not supported : Dmpu
2024-11-21 09:29:27,505 [ERROR] ConditionMgr:805 - Attr not supported : Dmpu
2024-11-21 09:29:27,505 [ERROR] ConditionMgr:805 - Attr not supported : Dmpu
2024-11-21 09:29:27,505 [ERROR] ConditionMgr:805 - Attr not supported : Dmpu
2024-11-21 09:29:27,505 [ERROR] ConditionMgr:805 - Attr not supported : Dmpu
2024-11-21 09:29:27,509 [WARN] PackLoader:240 - Cannot read IP mode file for RealThread.X-CUBE-RT-Thread_Nano.4.1.1
2024-11-21 09:29:27,513 [WARN] PackLoader:240 - Cannot read IP mode file for STMicroelectronics.FP-ATR-SIGFOX1.3.2.0
2024-11-21 09:29:27,515 [WARN] PackLoader:240 - Cannot read IP mode file for wolfSSL.I-CUBE-wolfSSL.5.7.2
2024-11-21 09:29:27,519 [WARN] ConditionMgr:438 - getConditionDescription Invalid condition id : Cortex-A Device cause : null
2024-11-21 09:29:27,536 [WARN] ConditionMgr:1039 - genDependencies : Invalid condition id : Cortex-A Device cause : null
2024-11-21 09:29:27,537 [WARN] ConditionMgr:1039 - genDependencies : Invalid condition id : Cortex-A Device cause : null
2024-11-21 09:29:27,537 [WARN] ConditionMgr:1039 - genDependencies : Invalid condition id : Cortex-A Device cause : null
2024-11-21 09:29:27,541 [WARN] PackLoader:240 - Cannot read IP mode file for STMicroelectronics.X-CUBE-EEPRMA1.5.1.0
2024-11-21 09:29:27,546 [WARN] PackLoader:240 - Cannot read IP mode file for ITTIA_DB.I-CUBE-ITTIADB.8.9.0
2024-11-21 09:29:27,571 [WARN] PackLoader:240 - Cannot read IP mode file for SEGGER.I-CUBE-embOS.1.3.1
2024-11-21 09:29:27,599 [WARN] PackLoader:240 - Cannot read IP mode file for STMicroelectronics.X-CUBE-ALGOBUILD.1.4.0
2024-11-21 09:29:27,602 [WARN] PackLoader:240 - Cannot read IP mode file for STMicroelectronics.X-CUBE-AI.9.1.0
2024-11-21 09:29:27,611 [WARN] PackLoader:240 - Cannot read IP mode file for STMicroelectronics.X-CUBE-AZRTOS-F4.1.1.0
2024-11-21 09:29:27,617 [WARN] PackLoader:240 - Cannot read IP mode file for STMicroelectronics.X-CUBE-ISPU.2.1.0
2024-11-21 09:29:27,621 [WARN] PackLoader:240 - Cannot read IP mode file for STMicroelectronics.X-CUBE-FREERTOS.1.2.0
2024-11-21 09:29:27,631 [WARN] PackLoader:240 - Cannot read IP mode file for STMicroelectronics.X-CUBE-AZRTOS-L5.2.0.0
2024-11-21 09:29:27,637 [WARN] PackLoader:240 - Cannot read IP mode file for STMicroelectronics.X-CUBE-NFC6.3.1.0
2024-11-21 09:29:27,642 [WARN] PackLoader:240 - Cannot read IP mode file for STMicroelectronics.X-CUBE-DPower.1.2.0
2024-11-21 09:29:27,645 [WARN] PackLoader:240 - Cannot read IP mode file for STMicroelectronics.X-CUBE-AI.9.0.0
2024-11-21 09:29:27,647 [WARN] PackLoader:240 - Cannot read IP mode file for STMicroelectronics.X-CUBE-NFC7.1.0.1
2024-11-21 09:29:27,655 [WARN] ConditionMgr:438 - getConditionDescription Invalid condition id : LAN8742 Phy interface Condition cause : null
2024-11-21 09:29:27,656 [WARN] PackLoader:240 - Cannot read IP mode file for STMicroelectronics.X-CUBE-AZRTOS-L4.2.0.0
2024-11-21 09:29:27,657 [WARN] ConditionMgr:1039 - genDependencies : Invalid condition id : LAN8742 Phy interface Condition cause : null
2024-11-21 09:29:27,657 [WARN] ConditionMgr:1039 - genDependencies : Invalid condition id : LAN8742 Phy interface Condition cause : null
2024-11-21 09:29:27,657 [WARN] ConditionMgr:1039 - genDependencies : Invalid condition id : LAN8742 Phy interface Condition cause : null
2024-11-21 09:29:27,662 [WARN] PackLoader:240 - Cannot read IP mode file for STMicroelectronics.X-CUBE-SFXS2LP1.4.0.0
2024-11-21 09:29:27,675 [WARN] PackLoader:240 - Cannot read IP mode file for STMicroelectronics.X-CUBE-AZRTOS-H7.3.3.0
2024-11-21 09:29:27,682 [WARN] PackLoader:240 - Cannot read IP mode file for STMicroelectronics.X-CUBE-IPS.3.0.0
2024-11-21 09:29:27,690 [WARN] ConditionMgr:438 - getConditionDescription Invalid condition id : UX DEVICE CLASS RTOS Condition cause : null
2024-11-21 09:29:27,690 [WARN] ConditionMgr:438 - getConditionDescription Invalid condition id : UX DEVICE CLASS RTOS Condition cause : null
2024-11-21 09:29:27,692 [WARN] PackLoader:240 - Cannot read IP mode file for STMicroelectronics.X-CUBE-AZRTOS-WB.2.0.0
2024-11-21 09:29:27,693 [WARN] ConditionMgr:1039 - genDependencies : Invalid condition id : UX DEVICE CLASS RTOS Condition cause : null
2024-11-21 09:29:27,693 [WARN] ConditionMgr:1039 - genDependencies : Invalid condition id : UX DEVICE CLASS RTOS Condition cause : null
2024-11-21 09:29:27,693 [WARN] ConditionMgr:1039 - genDependencies : Invalid condition id : UX DEVICE CLASS RTOS Condition cause : null
2024-11-21 09:29:27,693 [WARN] ConditionMgr:1039 - genDependencies : Invalid condition id : UX DEVICE CLASS RTOS Condition cause : null
2024-11-21 09:29:27,693 [WARN] ConditionMgr:1039 - genDependencies : Invalid condition id : UX DEVICE CLASS RTOS Condition cause : null
2024-11-21 09:29:27,696 [WARN] PackLoader:240 - Cannot read IP mode file for STMicroelectronics.X-CUBE-GNSS1.7.0.0
2024-11-21 09:29:27,700 [WARN] PackLoader:240 - Cannot read IP mode file for STMicroelectronics.FP-SNS-STBOX1.2.0.0
2024-11-21 09:29:27,706 [WARN] PackLoader:240 - Cannot read IP mode file for STMicroelectronics.X-CUBE-SUBG2.5.0.0
2024-11-21 09:29:27,710 [WARN] PackLoader:240 - Cannot read IP mode file for Cesanta.I-CUBE-Mongoose.7.13.0
2024-11-21 09:29:27,716 [WARN] PackLoader:240 - Cannot read IP mode file for STMicroelectronics.X-CUBE-AZRTOS-G4.2.0.0
2024-11-21 09:29:27,719 [WARN] PackLoader:240 - Cannot read IP mode file for STMicroelectronics.X-CUBE-ISPU.2.0.0
2024-11-21 09:29:27,722 [WARN] PackLoader:240 - Cannot read IP mode file for STMicroelectronics.X-CUBE-ALS.1.0.2
2024-11-21 09:29:27,726 [WARN] PackLoader:240 - Cannot read IP mode file for STMicroelectronics.X-CUBE-TOUCHGFX.4.24.0
2024-11-21 09:29:27,728 [WARN] PackLoader:240 - Cannot read IP mode file for STMicroelectronics.X-CUBE-TOUCHGFX.4.24.1
2024-11-21 09:29:27,730 [WARN] PackLoader:240 - Cannot read IP mode file for wolfSSL.I-CUBE-wolfTPM.3.4.0
2024-11-21 09:29:27,733 [WARN] PackLoader:240 - Cannot read IP mode file for portGmbH.I-Cube-SoM-uGOAL.1.1.0
2024-11-21 09:29:27,741 [WARN] PackLoader:240 - Cannot read IP mode file for STMicroelectronics.X-CUBE-AZRTOS-H7RS.1.0.0
2024-11-21 09:29:27,745 [WARN] PackLoader:240 - Cannot read IP mode file for STMicroelectronics.FP-ATR-ASTRA1.2.0.0
2024-11-21 09:29:27,750 [WARN] PackLoader:240 - Cannot read IP mode file for STMicroelectronics.X-CUBE-TOF1.3.4.2
2024-11-21 09:29:27,765 [WARN] PackLoader:240 - Cannot read IP mode file for Infineon.AIROC-Wi-Fi-Bluetooth-STM32.1.6.1
2024-11-21 09:29:27,769 [WARN] PackLoader:240 - Cannot read IP mode file for wolfSSL.I-CUBE-wolfSSH.1.4.17
2024-11-21 09:29:27,769 [INFO] ThirdParty:978 - Integrity check success = true
2024-11-21 09:29:27,770 [INFO] IntegrityCheckThread:100 - exiting critical section [integrity check]
2024-11-21 09:29:27,770 [INFO] IntegrityCheckThread:103 - End integrity checks thread
2024-11-21 09:29:52,319 [ERROR] LogOutputStream:75 - [STDERR_REDIRECT] 
