2024-10-16 21:05:24,201 [INFO] Activator:176 - 


2024-10-16 21:05:24,205 [INFO] Activator:177 - !SESSION log4j initialized
2024-10-16 21:05:28,082 [INFO] LogOutputStream:77 - [STDOUT_REDIRECT] 
2024-10-16 21:05:29,030 [INFO] ApplicationProperties:184 - Using Application install path: D:\STMCubeIDE\STM32CubeIDE_1.16.0\STM32CubeIDE\plugins\com.st.stm32cube.common.mx_6.12.0.202406281431
2024-10-16 21:05:29,044 [INFO] DbMcusXml:78 - Set database path to: D:\STMCubeIDE\STM32CubeIDE_1.16.0\STM32CubeIDE\plugins\com.st.stm32cube.common.mx_6.12.0.202406281431\\db\/mcu/
2024-10-16 21:05:29,044 [INFO] ApiDb:274 - Set plugin database path to: D:\STMCubeIDE\STM32CubeIDE_1.16.0\STM32CubeIDE\plugins\com.st.stm32cube.common.mx_6.12.0.202406281431\\db\/plugins/boardmanager/
2024-10-16 21:05:29,044 [WARN] ApiDb:259 - Overriding images path with different value:  => D:\STMCubeIDE\STM32CubeIDE_1.16.0\STM32CubeIDE\plugins\com.st.stm32cube.common.mx_6.12.0.202406281431\\db\/plugins/mcufinder/images/
2024-10-16 21:05:29,051 [INFO] ApiDb:250 - Set database path to: C:\Users\Z_cha\.stmcufinder\plugins\mcufinder//mcu/
2024-10-16 21:05:29,052 [INFO] DbMcusAds:125 - Set database path to: C:\Users\Z_cha\.stmcufinder\plugins\mcufinder//mcu/
2024-10-16 21:05:29,054 [INFO] CrossReferenceDbSqlite:203 - Set database path to: C:\Users\Z_cha\.stmcufinder\plugins\mcufinder//mcu/cs/
2024-10-16 21:05:29,123 [INFO] RulesReader:64 - Compatibility file has been processed (297 Rules)
2024-10-16 21:05:29,187 [INFO] DbMcusXml:78 - Set database path to: D:\STMCubeIDE\STM32CubeIDE_1.16.0\STM32CubeIDE\plugins\com.st.stm32cube.common.mx_6.12.0.202406281431\\db\/mcu/
2024-10-16 21:05:29,187 [INFO] ApiDb:274 - Set plugin database path to: D:\STMCubeIDE\STM32CubeIDE_1.16.0\STM32CubeIDE\plugins\com.st.stm32cube.common.mx_6.12.0.202406281431\\db\/plugins/boardmanager/
2024-10-16 21:05:29,187 [INFO] ApiDb:261 - Set plugin images path to: D:\STMCubeIDE\STM32CubeIDE_1.16.0\STM32CubeIDE\plugins\com.st.stm32cube.common.mx_6.12.0.202406281431\\db\/plugins/mcufinder/images/
2024-10-16 21:05:29,188 [WARN] DbFile:41 - Overriding database path with different value: C:\Users\Z_cha\.stmcufinder\plugins\mcufinder/ => C:\Users\Z_cha\.stmcufinder\plugins\mcufinder
2024-10-16 21:05:29,188 [INFO] ApiDb:250 - Set database path to: C:\Users\Z_cha\.stmcufinder\plugins\mcufinder//mcu/
2024-10-16 21:05:29,188 [WARN] DbFile:41 - Overriding database path with different value: C:\Users\Z_cha\.stmcufinder\plugins\mcufinder/ => C:\Users\Z_cha\.stmcufinder\plugins\mcufinder
2024-10-16 21:05:29,188 [INFO] DbMcusAds:125 - Set database path to: C:\Users\Z_cha\.stmcufinder\plugins\mcufinder//mcu/
2024-10-16 21:05:29,188 [WARN] DbFile:41 - Overriding database path with different value: C:\Users\Z_cha\.stmcufinder\plugins\mcufinder/ => C:\Users\Z_cha\.stmcufinder\plugins\mcufinder
2024-10-16 21:05:29,188 [WARN] DbFile:41 - Overriding database path with different value: C:\Users\Z_cha\.stmcufinder\plugins\mcufinder/ => C:\Users\Z_cha\.stmcufinder\plugins\mcufinder
2024-10-16 21:05:29,188 [INFO] CrossReferenceDbSqlite:203 - Set database path to: C:\Users\Z_cha\.stmcufinder\plugins\mcufinder//mcu/cs/
2024-10-16 21:05:29,244 [INFO] MainPanel:268 - HeapMemory: 268435456
2024-10-16 21:05:29,323 [INFO] DbMcusXml:78 - Set database path to: D:\STMCubeIDE\STM32CubeIDE_1.16.0\STM32CubeIDE\plugins\com.st.stm32cube.common.mx_6.12.0.202406281431\\db\/mcu/
2024-10-16 21:05:29,324 [INFO] ApiDb:274 - Set plugin database path to: D:\STMCubeIDE\STM32CubeIDE_1.16.0\STM32CubeIDE\plugins\com.st.stm32cube.common.mx_6.12.0.202406281431\\db\/plugins/boardmanager/
2024-10-16 21:05:29,324 [INFO] ApiDb:261 - Set plugin images path to: D:\STMCubeIDE\STM32CubeIDE_1.16.0\STM32CubeIDE\plugins\com.st.stm32cube.common.mx_6.12.0.202406281431\\db\/plugins/mcufinder/images/
2024-10-16 21:05:29,324 [WARN] DbFile:41 - Overriding database path with different value: C:\Users\Z_cha\.stmcufinder\plugins\mcufinder/ => C:\Users\Z_cha\.stmcufinder\plugins\mcufinder
2024-10-16 21:05:29,324 [INFO] ApiDb:250 - Set database path to: C:\Users\Z_cha\.stmcufinder\plugins\mcufinder//mcu/
2024-10-16 21:05:29,324 [WARN] DbFile:41 - Overriding database path with different value: C:\Users\Z_cha\.stmcufinder\plugins\mcufinder/ => C:\Users\Z_cha\.stmcufinder\plugins\mcufinder
2024-10-16 21:05:29,324 [INFO] DbMcusAds:125 - Set database path to: C:\Users\Z_cha\.stmcufinder\plugins\mcufinder//mcu/
2024-10-16 21:05:29,324 [WARN] DbFile:41 - Overriding database path with different value: C:\Users\Z_cha\.stmcufinder\plugins\mcufinder/ => C:\Users\Z_cha\.stmcufinder\plugins\mcufinder
2024-10-16 21:05:29,324 [WARN] DbFile:41 - Overriding database path with different value: C:\Users\Z_cha\.stmcufinder\plugins\mcufinder/ => C:\Users\Z_cha\.stmcufinder\plugins\mcufinder
2024-10-16 21:05:29,324 [INFO] CrossReferenceDbSqlite:203 - Set database path to: C:\Users\Z_cha\.stmcufinder\plugins\mcufinder//mcu/cs/
2024-10-16 21:05:29,335 [INFO] ApplicationProperties:184 - Using Application install path: D:\STMCubeIDE\STM32CubeIDE_1.16.0\STM32CubeIDE\plugins\com.st.stm32cube.common.mx_6.12.0.202406281431
2024-10-16 21:05:29,337 [INFO] PluginManage:196 - Search for loadable plugins [exclusion list=, ]
2024-10-16 21:05:29,337 [INFO] PluginManage:310 - Check plugin analytics
2024-10-16 21:05:29,445 [INFO] AnalyticsPlugin:253 - Accepted Software Licenses: 
2024-10-16 21:05:29,445 [INFO] AnalyticsPlugin:255 - Accepted CMSIS Pack Licenses: 
2024-10-16 21:05:29,445 [INFO] AnalyticsPlugin:257 - Accepted Firmware Licenses: FW.F4.1.28.0
2024-10-16 21:05:29,446 [INFO] PluginManage:359 - Loaded plugin analytics (category:tool,tabindex:-1)
2024-10-16 21:05:29,446 [INFO] PluginManage:310 - Check plugin cadmodel
2024-10-16 21:05:29,450 [INFO] CADModel:105 - Init CAD model plugin
2024-10-16 21:05:29,450 [INFO] PluginManage:359 - Loaded plugin cadmodel (category:power,tabindex:5)
2024-10-16 21:05:29,450 [INFO] PluginManage:310 - Check plugin clock
2024-10-16 21:05:29,458 [INFO] PluginManage:359 - Loaded plugin clock (category:base,tabindex:2)
2024-10-16 21:05:29,458 [INFO] PluginManage:310 - Check plugin ddr
2024-10-16 21:05:29,460 [INFO] PluginManage:359 - Loaded plugin ddr (category:tool,tabindex:6)
2024-10-16 21:05:29,460 [INFO] PluginManage:310 - Check plugin filemanager
2024-10-16 21:05:29,557 [INFO] PluginManage:359 - Loaded plugin filemanager (category:base,tabindex:10)
2024-10-16 21:05:29,557 [INFO] PluginManage:310 - Check plugin ipmanager
2024-10-16 21:05:29,562 [INFO] PluginManage:359 - Loaded plugin ipmanager (category:base,tabindex:5)
2024-10-16 21:05:29,562 [INFO] PluginManage:310 - Check plugin lpbam
2024-10-16 21:05:29,568 [INFO] PluginManage:359 - Loaded plugin lpbam (category:base,tabindex:0)
2024-10-16 21:05:29,568 [INFO] PluginManage:310 - Check plugin memorymap
2024-10-16 21:05:29,578 [INFO] PluginManage:359 - Loaded plugin memorymap (category:base,tabindex:4)
2024-10-16 21:05:29,578 [INFO] PluginManage:310 - Check plugin pinoutandconfiguration
2024-10-16 21:05:29,585 [INFO] PluginManage:359 - Loaded plugin pinoutandconfiguration (category:base,tabindex:1)
2024-10-16 21:05:29,585 [INFO] PluginManage:310 - Check plugin pinoutconfig
2024-10-16 21:05:29,650 [WARN] SupportedApi:132 - Cannot load RTOS API schema: s4s-elt-must-match.1: The content of 'definitions' must match (annotation?, (simpleType | complexType)?, (unique | key | keyref)*)). A problem was found starting at: attribute.
2024-10-16 21:05:29,753 [INFO] PluginManage:359 - Loaded plugin pinoutconfig (category:base,tabindex:0)
2024-10-16 21:05:29,753 [INFO] PluginManage:310 - Check plugin power
2024-10-16 21:05:29,761 [INFO] PluginManage:359 - Loaded plugin power (category:power,tabindex:4)
2024-10-16 21:05:29,761 [INFO] PluginManage:310 - Check plugin projectmanager
2024-10-16 21:05:29,771 [INFO] PluginManage:359 - Loaded plugin projectmanager (category:projectmanager,tabindex:4)
2024-10-16 21:05:29,771 [INFO] PluginManage:310 - Check plugin rif
2024-10-16 21:05:29,775 [INFO] PluginManage:359 - Loaded plugin rif (category:base,tabindex:3)
2024-10-16 21:05:29,775 [INFO] PluginManage:310 - Check plugin thirdparty
2024-10-16 21:05:29,872 [WARN] IntegrityCheckThread:84 - waiting for thirdparty lock release [integrity check]
2024-10-16 21:05:29,872 [INFO] IntegrityCheckThread:86 - entering critical section [integrity check]
2024-10-16 21:05:29,873 [INFO] PluginManage:359 - Loaded plugin thirdparty (category:base,tabindex:-1)
2024-10-16 21:05:29,873 [INFO] PluginManage:310 - Check plugin tools
2024-10-16 21:05:29,873 [INFO] ThirdPartyUpdaterWithRetryManager:70 - Updater plugin not ready yet. [1/15]
2024-10-16 21:05:29,875 [INFO] PluginManage:359 - Loaded plugin tools (category:base,tabindex:7)
2024-10-16 21:05:29,875 [INFO] PluginManage:310 - Check plugin tutovideos
2024-10-16 21:05:29,999 [INFO] PluginManage:359 - Loaded plugin tutovideos (category:base,tabindex:-1)
2024-10-16 21:05:29,999 [INFO] PluginManage:310 - Check plugin updater
2024-10-16 21:05:30,010 [INFO] PluginManage:359 - Loaded plugin updater (category:base,tabindex:12)
2024-10-16 21:05:30,010 [INFO] PluginManage:310 - Check plugin userauth
2024-10-16 21:05:30,015 [INFO] UserAuth:113 - Init User Auth plugin
2024-10-16 21:05:30,015 [INFO] PluginManage:359 - Loaded plugin userauth (category:base,tabindex:14)
2024-10-16 21:05:30,015 [INFO] PluginManage:283 - PluginManage : Loaded plugins [18]
2024-10-16 21:05:30,169 [INFO] PinOutPanel:1561 - setPackage(No Configuration,No Configuration)
2024-10-16 21:05:30,226 [INFO] CADModel:165 - CPN selected for project level
2024-10-16 21:05:30,226 [INFO] CADModel:114 - Register for checkConnection events
2024-10-16 21:05:30,239 [INFO] IPUIPlugin:80 - create IPUIPlugin
2024-10-16 21:05:30,239 [INFO] PluginManager:220 - loadIPPluginJar : add adc
2024-10-16 21:05:30,241 [INFO] IPUIPlugin:80 - create IPUIPlugin
2024-10-16 21:05:30,241 [INFO] PluginManager:220 - loadIPPluginJar : add aes
2024-10-16 21:05:30,243 [INFO] IPUIPlugin:80 - create IPUIPlugin
2024-10-16 21:05:30,244 [INFO] PluginManager:220 - loadIPPluginJar : add can
2024-10-16 21:05:30,245 [INFO] IPUIPlugin:80 - create IPUIPlugin
2024-10-16 21:05:30,245 [INFO] PluginManager:220 - loadIPPluginJar : add comp
2024-10-16 21:05:30,247 [INFO] IPUIPlugin:80 - create IPUIPlugin
2024-10-16 21:05:30,247 [INFO] PluginManager:220 - loadIPPluginJar : add cryp
2024-10-16 21:05:30,249 [INFO] IPUIPlugin:80 - create IPUIPlugin
2024-10-16 21:05:30,249 [INFO] PluginManager:220 - loadIPPluginJar : add ddr_ctrl_phy
2024-10-16 21:05:30,251 [INFO] IPUIPlugin:80 - create IPUIPlugin
2024-10-16 21:05:30,251 [INFO] PluginManager:220 - loadIPPluginJar : add dfsdm
2024-10-16 21:05:30,254 [INFO] IPUIPlugin:80 - create IPUIPlugin
2024-10-16 21:05:30,255 [INFO] PluginManager:220 - loadIPPluginJar : add dma
2024-10-16 21:05:30,258 [INFO] IPUIPlugin:80 - create IPUIPlugin
2024-10-16 21:05:30,258 [INFO] PluginManager:220 - loadIPPluginJar : add dma3
2024-10-16 21:05:30,260 [INFO] IPUIPlugin:80 - create IPUIPlugin
2024-10-16 21:05:30,260 [INFO] PluginManager:220 - loadIPPluginJar : add extmemmanager
2024-10-16 21:05:30,261 [INFO] IPUIPlugin:80 - create IPUIPlugin
2024-10-16 21:05:30,262 [INFO] PluginManager:220 - loadIPPluginJar : add fatfs
2024-10-16 21:05:30,264 [INFO] IPUIPlugin:80 - create IPUIPlugin
2024-10-16 21:05:30,264 [INFO] PluginManager:220 - loadIPPluginJar : add fmc
2024-10-16 21:05:30,267 [INFO] IPUIPlugin:80 - create IPUIPlugin
2024-10-16 21:05:30,268 [INFO] PluginManager:220 - loadIPPluginJar : add freertos
2024-10-16 21:05:30,269 [INFO] IPUIPlugin:80 - create IPUIPlugin
2024-10-16 21:05:30,269 [INFO] PluginManager:220 - loadIPPluginJar : add genericplugin
2024-10-16 21:05:30,270 [INFO] IPUIPlugin:80 - create IPUIPlugin
2024-10-16 21:05:30,270 [INFO] PluginManager:220 - loadIPPluginJar : add gfxmmu
2024-10-16 21:05:30,273 [INFO] IPUIPlugin:80 - create IPUIPlugin
2024-10-16 21:05:30,274 [INFO] PluginManager:220 - loadIPPluginJar : add gic
2024-10-16 21:05:30,276 [INFO] IPUIPlugin:80 - create IPUIPlugin
2024-10-16 21:05:30,277 [INFO] PluginManager:220 - loadIPPluginJar : add gpio
2024-10-16 21:05:30,278 [INFO] IPUIPlugin:80 - create IPUIPlugin
2024-10-16 21:05:30,278 [INFO] PluginManager:220 - loadIPPluginJar : add gtzc
2024-10-16 21:05:30,280 [INFO] IPUIPlugin:80 - create IPUIPlugin
2024-10-16 21:05:30,280 [INFO] PluginManager:220 - loadIPPluginJar : add hash
2024-10-16 21:05:30,281 [INFO] IPUIPlugin:80 - create IPUIPlugin
2024-10-16 21:05:30,281 [INFO] PluginManager:220 - loadIPPluginJar : add i2c
2024-10-16 21:05:30,283 [INFO] IPUIPlugin:80 - create IPUIPlugin
2024-10-16 21:05:30,283 [INFO] PluginManager:220 - loadIPPluginJar : add i2s
2024-10-16 21:05:30,284 [INFO] IPUIPlugin:80 - create IPUIPlugin
2024-10-16 21:05:30,284 [INFO] PluginManager:220 - loadIPPluginJar : add i3c
2024-10-16 21:05:30,287 [INFO] IPUIPlugin:80 - create IPUIPlugin
2024-10-16 21:05:30,287 [INFO] PluginManager:220 - loadIPPluginJar : add ipddr
2024-10-16 21:05:30,291 [INFO] IPUIPlugin:80 - create IPUIPlugin
2024-10-16 21:05:30,292 [INFO] PluginManager:220 - loadIPPluginJar : add linkedlist
2024-10-16 21:05:30,295 [INFO] IPUIPlugin:80 - create IPUIPlugin
2024-10-16 21:05:30,295 [INFO] PluginManager:220 - loadIPPluginJar : add lorawan
2024-10-16 21:05:30,296 [INFO] IPUIPlugin:80 - create IPUIPlugin
2024-10-16 21:05:30,296 [INFO] PluginManager:220 - loadIPPluginJar : add ltdc
2024-10-16 21:05:30,299 [INFO] IPUIPlugin:80 - create IPUIPlugin
2024-10-16 21:05:30,299 [INFO] PluginManager:220 - loadIPPluginJar : add mdma
2024-10-16 21:05:30,301 [INFO] IPUIPlugin:80 - create IPUIPlugin
2024-10-16 21:05:30,301 [INFO] PluginManager:220 - loadIPPluginJar : add nvic
2024-10-16 21:05:30,303 [INFO] IPUIPlugin:80 - create IPUIPlugin
2024-10-16 21:05:30,303 [INFO] PluginManager:220 - loadIPPluginJar : add opamp
2024-10-16 21:05:30,305 [INFO] IPUIPlugin:80 - create IPUIPlugin
2024-10-16 21:05:30,305 [INFO] PluginManager:220 - loadIPPluginJar : add openamp
2024-10-16 21:05:30,307 [INFO] IPUIPlugin:80 - create IPUIPlugin
2024-10-16 21:05:30,307 [INFO] PluginManager:220 - loadIPPluginJar : add pdm2pcm
2024-10-16 21:05:30,310 [INFO] IPUIPlugin:80 - create IPUIPlugin
2024-10-16 21:05:30,311 [INFO] PluginManager:220 - loadIPPluginJar : add plateformsettings
2024-10-16 21:05:30,312 [INFO] IPUIPlugin:80 - create IPUIPlugin
2024-10-16 21:05:30,312 [INFO] PluginManager:220 - loadIPPluginJar : add quadspi
2024-10-16 21:05:30,313 [INFO] IPUIPlugin:80 - create IPUIPlugin
2024-10-16 21:05:30,314 [INFO] PluginManager:220 - loadIPPluginJar : add radio
2024-10-16 21:05:30,317 [INFO] IPUIPlugin:80 - create IPUIPlugin
2024-10-16 21:05:30,317 [INFO] PluginManager:220 - loadIPPluginJar : add resmgrutility
2024-10-16 21:05:30,319 [INFO] IPUIPlugin:80 - create IPUIPlugin
2024-10-16 21:05:30,319 [INFO] PluginManager:220 - loadIPPluginJar : add sai
2024-10-16 21:05:30,320 [INFO] IPUIPlugin:80 - create IPUIPlugin
2024-10-16 21:05:30,320 [INFO] PluginManager:220 - loadIPPluginJar : add spi
2024-10-16 21:05:30,323 [INFO] IPUIPlugin:80 - create IPUIPlugin
2024-10-16 21:05:30,323 [INFO] PluginManager:220 - loadIPPluginJar : add stm32_wpan
2024-10-16 21:05:30,325 [INFO] IPUIPlugin:80 - create IPUIPlugin
2024-10-16 21:05:30,325 [INFO] PluginManager:220 - loadIPPluginJar : add tim
2024-10-16 21:05:30,327 [INFO] IPUIPlugin:80 - create IPUIPlugin
2024-10-16 21:05:30,327 [INFO] PluginManager:220 - loadIPPluginJar : add touchsensing
2024-10-16 21:05:30,328 [INFO] IPUIPlugin:80 - create IPUIPlugin
2024-10-16 21:05:30,328 [INFO] PluginManager:220 - loadIPPluginJar : add tracer_emb
2024-10-16 21:05:30,329 [INFO] IPUIPlugin:80 - create IPUIPlugin
2024-10-16 21:05:30,329 [INFO] PluginManager:220 - loadIPPluginJar : add ts
2024-10-16 21:05:30,331 [INFO] IPUIPlugin:80 - create IPUIPlugin
2024-10-16 21:05:30,331 [INFO] PluginManager:220 - loadIPPluginJar : add tsc
2024-10-16 21:05:30,332 [INFO] IPUIPlugin:80 - create IPUIPlugin
2024-10-16 21:05:30,332 [INFO] PluginManager:220 - loadIPPluginJar : add ucpd
2024-10-16 21:05:30,334 [INFO] IPUIPlugin:80 - create IPUIPlugin
2024-10-16 21:05:30,334 [INFO] PluginManager:220 - loadIPPluginJar : add usart
2024-10-16 21:05:30,335 [INFO] IPUIPlugin:80 - create IPUIPlugin
2024-10-16 21:05:30,335 [INFO] PluginManager:220 - loadIPPluginJar : add usbx
2024-10-16 21:05:30,443 [INFO] CADModel:165 - CPN selected for project level
2024-10-16 21:05:30,443 [INFO] CADModel:114 - Register for checkConnection events
2024-10-16 21:05:30,443 [FATAL] Updater:334 - Updater called before beeing initialized
2024-10-16 21:05:30,444 [ERROR] CADModel:125 - Updater not yet initialized, retry later 
2024-10-16 21:05:30,545 [INFO] CADModel:165 - CPN selected for project level
2024-10-16 21:05:30,545 [INFO] CADModel:114 - Register for checkConnection events
2024-10-16 21:05:30,545 [FATAL] Updater:334 - Updater called before beeing initialized
2024-10-16 21:05:30,545 [ERROR] CADModel:125 - Updater not yet initialized, retry later 
2024-10-16 21:05:30,548 [FATAL] Updater:334 - Updater called before beeing initialized
2024-10-16 21:05:30,605 [FATAL] Updater:334 - Updater called before beeing initialized
2024-10-16 21:05:30,608 [INFO] DbMcusAds:53 - JSON generation date=Fri Sep 20 09:04:23 EDT 2024 (1726837463113)
2024-10-16 21:05:30,608 [FATAL] Updater:334 - Updater called before beeing initialized
2024-10-16 21:05:30,647 [WARN] DetailPanel:346 - Failed to get advertising image, set to default
2024-10-16 21:05:30,711 [FATAL] Updater:334 - Updater called before beeing initialized
2024-10-16 21:05:30,712 [FATAL] Updater:334 - Updater called before beeing initialized
2024-10-16 21:05:30,712 [FATAL] Updater:334 - Updater called before beeing initialized
2024-10-16 21:05:30,712 [WARN] DetailPanel:346 - Failed to get advertising image, set to default
2024-10-16 21:05:30,713 [FATAL] Updater:334 - Updater called before beeing initialized
2024-10-16 21:05:30,744 [ERROR] Updater:1164 - MainUpdater not yet initialized. External WinMGr cannot be set.
2024-10-16 21:05:30,745 [INFO] Updater:1100 - Updater Version found : 6.12.0
2024-10-16 21:05:30,758 [INFO] ApplicationProperties:184 - Using Application install path: D:\STMCubeIDE\STM32CubeIDE_1.16.0\STM32CubeIDE\plugins\com.st.stm32cube.common.mx_6.12.0.202406281431
2024-10-16 21:05:32,329 [ERROR] LogOutputStream:75 - [STDERR_REDIRECT] Oct 16, 2024 9:05:32 PM java.util.prefs.WindowsPreferences <init>
2024-10-16 21:05:32,330 [ERROR] LogOutputStream:75 - [STDERR_REDIRECT] WARNING: Could not open/create prefs root node Software\JavaSoft\Prefs at root 0xffffffff80000002. Windows RegCreateKeyEx(...) returned error code 5.
2024-10-16 21:05:32,330 [ERROR] LogOutputStream:75 - [STDERR_REDIRECT] 
2024-10-16 21:05:32,565 [INFO] MainUpdater:2873 - connection check result : 10
2024-10-16 21:05:32,565 [INFO] MainUpdater:3567 - Updater definition file requires update
2024-10-16 21:05:32,567 [INFO] MainUpdater:290 - Updater Check For Update Now.
2024-10-16 21:05:32,567 [INFO] MicroXplorer:498 - Change Database Version : DB.6.0.120
2024-10-16 21:05:32,572 [INFO] McuFinderGlobals:63 - Set McuFinder mode to 2 (CubeIDE integrated)
2024-10-16 21:05:32,572 [INFO] UserAuth:417 - Internet connection configuration mode: 1
2024-10-16 21:05:32,587 [INFO] JxBrowserEngine:152 - Initiate JxBrowser Engine with user profile folder
2024-10-16 21:05:32,648 [INFO] ServerAccessManage:473 - Download File updaters.zip
2024-10-16 21:05:32,704 [INFO] FileExtend:240 - Unzip File : updaters.zip
2024-10-16 21:05:32,705 [INFO] FileExtend:255 - Standard Zip Deflate
2024-10-16 21:05:32,892 [WARN] MainUpdater:1194 - Updater busy. Cannot search thirdparties
2024-10-16 21:05:32,893 [INFO] ThirdPartyUpdaterWithRetryManager:96 - Updater plugin is busy. [1/15]
2024-10-16 21:05:33,034 [INFO] ServerAccessManage:473 - Download File PacksControlFlags.xml
2024-10-16 21:05:33,114 [INFO] ServerAccessManage:473 - Download File cubemx.pidx
2024-10-16 21:05:33,181 [INFO] LoadServerUpdatesThread:375 - End of LoadServerUpdate Thread
2024-10-16 21:05:33,325 [INFO] CheckServerUpdateThread:120 - End of CheckServer Thread
2024-10-16 21:05:34,661 [INFO] WebApp:167 - Instantiating new browser for Auth
2024-10-16 21:05:35,122 [INFO] WebApp:448 - Apply proxy settings
2024-10-16 21:05:35,122 [INFO] WebApp:533 - Chromium requires no authentication
2024-10-16 21:05:35,131 [INFO] WebApp:476 - Direct internet connection detected
2024-10-16 21:05:35,148 [INFO] WebApp:869 - Register for checkConnection events
2024-10-16 21:05:35,148 [INFO] WebApp:448 - Apply proxy settings
2024-10-16 21:05:35,148 [INFO] WebApp:533 - Chromium requires no authentication
2024-10-16 21:05:35,149 [INFO] WebApp:476 - Direct internet connection detected
2024-10-16 21:05:35,280 [INFO] WebApp:220 - Starting web application
2024-10-16 21:05:35,280 [INFO] WebApp:578 - Web application path used D:\STMCubeIDE\STM32CubeIDE_1.16.0\STM32CubeIDE\plugins\com.st.stm32cube.common.mx_6.12.0.202406281431\db\plugins\mcufinder\reactClient1\index.html
2024-10-16 21:05:35,338 [INFO] UserAuth:417 - Internet connection configuration mode: 1
2024-10-16 21:05:35,409 [INFO] WebApp:186 - Connection restablished
2024-10-16 21:05:36,088 [WARN] PackLoader:240 - Cannot read IP mode file for STMicroelectronics.FP-SNS-MOTENVWB1.1.4.0
2024-10-16 21:05:36,099 [WARN] PackLoader:240 - Cannot read IP mode file for STMicroelectronics.X-CUBE-SMBUS.2.1.0
2024-10-16 21:05:36,108 [WARN] PackLoader:240 - Cannot read IP mode file for STMicroelectronics.X-CUBE-WB05N.1.1.0
2024-10-16 21:05:36,123 [WARN] PackLoader:240 - Cannot read IP mode file for STMicroelectronics.X-CUBE-AZRTOS-F7.1.1.0
2024-10-16 21:05:36,173 [WARN] PackLoader:240 - Cannot read IP mode file for STMicroelectronics.X-CUBE-MEMS1.11.0.0
2024-10-16 21:05:36,235 [WARN] PackLoader:240 - Cannot read IP mode file for STMicroelectronics.FP-SNS-FLIGHT1.5.0.2
2024-10-16 21:05:36,241 [WARN] PackLoader:240 - Cannot read IP mode file for STMicroelectronics.X-CUBE-DISPLAY.3.0.0
2024-10-16 21:05:36,245 [WARN] PackLoader:240 - Cannot read IP mode file for STMicroelectronics.X-CUBE-BLE1.7.0.0
2024-10-16 21:05:36,248 [WARN] PackLoader:240 - Cannot read IP mode file for STMicroelectronics.X-CUBE-NFC10.1.0.0
2024-10-16 21:05:36,252 [WARN] PackLoader:240 - Cannot read IP mode file for emotas.I-CUBE-CANOPEN.1.3.0
2024-10-16 21:05:36,257 [WARN] PackLoader:240 - Cannot read IP mode file for STMicroelectronics.X-CUBE-BLEMGR.3.1.0
2024-10-16 21:05:36,263 [WARN] PackLoader:240 - Cannot read IP mode file for STMicroelectronics.FP-SNS-SMARTAG2.1.2.0
2024-10-16 21:05:36,269 [INFO] LogOutputStream:77 - [STDOUT_REDIRECT] 1 : Invalid condition id : UX_CORESTACK_Condition cause : null
2024-10-16 21:05:36,269 [INFO] LogOutputStream:77 - [STDOUT_REDIRECT] 1 : Invalid condition id : UX_CORESTACK_Condition cause : null
2024-10-16 21:05:36,270 [INFO] LogOutputStream:77 - [STDOUT_REDIRECT] 1 : Invalid condition id : UX_CORESTACK_Condition cause : null
2024-10-16 21:05:36,271 [INFO] LogOutputStream:77 - [STDOUT_REDIRECT] 1 : Invalid condition id : UX_CORESTACK_Condition cause : null
2024-10-16 21:05:36,272 [INFO] LogOutputStream:77 - [STDOUT_REDIRECT] 1 : Invalid condition id : UX_CORESTACK_Condition cause : null
2024-10-16 21:05:36,273 [WARN] PackLoader:240 - Cannot read IP mode file for STMicroelectronics.X-CUBE-AZRTOS-WL.2.0.0
2024-10-16 21:05:36,277 [WARN] PackLoader:240 - Cannot read IP mode file for STMicroelectronics.FP-SNS-MOTENV1.5.0.0
2024-10-16 21:05:36,281 [WARN] PackLoader:240 - Cannot read IP mode file for wolfSSL.I-CUBE-wolfMQTT.1.19.0
2024-10-16 21:05:36,287 [WARN] PackLoader:240 - Cannot read IP mode file for WES.I-CUBE-Cesium.1.3.0
2024-10-16 21:05:36,293 [WARN] PackLoader:240 - Cannot read IP mode file for STMicroelectronics.X-CUBE-BLE2.3.3.0
2024-10-16 21:05:36,298 [WARN] PackLoader:240 - Cannot read IP mode file for STMicroelectronics.X-CUBE-NFC9.1.0.0
2024-10-16 21:05:36,302 [WARN] PackLoader:240 - Cannot read IP mode file for STMicroelectronics.X-CUBE-TCPP.4.1.0
2024-10-16 21:05:36,311 [WARN] PackLoader:240 - Cannot read IP mode file for STMicroelectronics.X-CUBE-AZRTOS-G0.1.1.0
2024-10-16 21:05:36,315 [WARN] PackLoader:240 - Cannot read IP mode file for STMicroelectronics.X-CUBE-SAFEA1.1.2.2
2024-10-16 21:05:36,320 [WARN] PackLoader:240 - Cannot read IP mode file for STMicroelectronics.X-CUBE-NFC4.3.0.0
2024-10-16 21:05:36,325 [WARN] PackLoader:240 - Cannot read IP mode file for EmbeddedOffice.I-CUBE-FS-RTOS.1.0.1
2024-10-16 21:05:36,326 [ERROR] ConditionMgr:805 - Attr not supported : Dmpu
2024-10-16 21:05:36,326 [ERROR] ConditionMgr:805 - Attr not supported : Dmpu
2024-10-16 21:05:36,326 [ERROR] ConditionMgr:805 - Attr not supported : Dmpu
2024-10-16 21:05:36,326 [ERROR] ConditionMgr:805 - Attr not supported : Dmpu
2024-10-16 21:05:36,326 [ERROR] ConditionMgr:805 - Attr not supported : Dmpu
2024-10-16 21:05:36,326 [ERROR] ConditionMgr:805 - Attr not supported : Dmpu
2024-10-16 21:05:36,326 [ERROR] ConditionMgr:805 - Attr not supported : Dmpu
2024-10-16 21:05:36,326 [ERROR] ConditionMgr:805 - Attr not supported : Dmpu
2024-10-16 21:05:36,326 [ERROR] ConditionMgr:805 - Attr not supported : Dmpu
2024-10-16 21:05:36,326 [ERROR] ConditionMgr:805 - Attr not supported : Dmpu
2024-10-16 21:05:36,326 [ERROR] ConditionMgr:805 - Attr not supported : Dmpu
2024-10-16 21:05:36,326 [ERROR] ConditionMgr:805 - Attr not supported : Dmpu
2024-10-16 21:05:36,326 [ERROR] ConditionMgr:805 - Attr not supported : Dmpu
2024-10-16 21:05:36,326 [ERROR] ConditionMgr:805 - Attr not supported : Dmpu
2024-10-16 21:05:36,326 [ERROR] ConditionMgr:805 - Attr not supported : Dmpu
2024-10-16 21:05:36,326 [ERROR] ConditionMgr:805 - Attr not supported : Dmpu
2024-10-16 21:05:36,326 [ERROR] ConditionMgr:805 - Attr not supported : Dmpu
2024-10-16 21:05:36,326 [ERROR] ConditionMgr:805 - Attr not supported : Dmpu
2024-10-16 21:05:36,326 [ERROR] ConditionMgr:805 - Attr not supported : Dmpu
2024-10-16 21:05:36,326 [ERROR] ConditionMgr:805 - Attr not supported : Dmpu
2024-10-16 21:05:36,326 [ERROR] ConditionMgr:805 - Attr not supported : Dmpu
2024-10-16 21:05:36,326 [ERROR] ConditionMgr:805 - Attr not supported : Dmpu
2024-10-16 21:05:36,326 [ERROR] ConditionMgr:805 - Attr not supported : Dmpu
2024-10-16 21:05:36,326 [ERROR] ConditionMgr:805 - Attr not supported : Dmpu
2024-10-16 21:05:36,326 [ERROR] ConditionMgr:805 - Attr not supported : Dmpu
2024-10-16 21:05:36,326 [ERROR] ConditionMgr:805 - Attr not supported : Dmpu
2024-10-16 21:05:36,326 [ERROR] ConditionMgr:805 - Attr not supported : Dmpu
2024-10-16 21:05:36,326 [ERROR] ConditionMgr:805 - Attr not supported : Dmpu
2024-10-16 21:05:36,326 [ERROR] ConditionMgr:805 - Attr not supported : Dmpu
2024-10-16 21:05:36,326 [ERROR] ConditionMgr:805 - Attr not supported : Dmpu
2024-10-16 21:05:36,326 [ERROR] ConditionMgr:805 - Attr not supported : Dmpu
2024-10-16 21:05:36,326 [ERROR] ConditionMgr:805 - Attr not supported : Dmpu
2024-10-16 21:05:36,326 [ERROR] ConditionMgr:805 - Attr not supported : Dmpu
2024-10-16 21:05:36,327 [ERROR] ConditionMgr:805 - Attr not supported : Dmpu
2024-10-16 21:05:36,327 [ERROR] ConditionMgr:805 - Attr not supported : Dmpu
2024-10-16 21:05:36,327 [ERROR] ConditionMgr:805 - Attr not supported : Dmpu
2024-10-16 21:05:36,327 [ERROR] ConditionMgr:805 - Attr not supported : Dmpu
2024-10-16 21:05:36,327 [ERROR] ConditionMgr:805 - Attr not supported : Dmpu
2024-10-16 21:05:36,327 [ERROR] ConditionMgr:805 - Attr not supported : Dmpu
2024-10-16 21:05:36,327 [ERROR] ConditionMgr:805 - Attr not supported : Dmpu
2024-10-16 21:05:36,327 [ERROR] ConditionMgr:805 - Attr not supported : Dmpu
2024-10-16 21:05:36,327 [ERROR] ConditionMgr:805 - Attr not supported : Dmpu
2024-10-16 21:05:36,327 [ERROR] ConditionMgr:805 - Attr not supported : Dmpu
2024-10-16 21:05:36,327 [ERROR] ConditionMgr:805 - Attr not supported : Dmpu
2024-10-16 21:05:36,327 [ERROR] ConditionMgr:805 - Attr not supported : Dmpu
2024-10-16 21:05:36,327 [ERROR] ConditionMgr:805 - Attr not supported : Dmpu
2024-10-16 21:05:36,327 [ERROR] ConditionMgr:805 - Attr not supported : Dmpu
2024-10-16 21:05:36,327 [ERROR] ConditionMgr:805 - Attr not supported : Dmpu
2024-10-16 21:05:36,327 [ERROR] ConditionMgr:805 - Attr not supported : Dmpu
2024-10-16 21:05:36,327 [ERROR] ConditionMgr:805 - Attr not supported : Dmpu
2024-10-16 21:05:36,327 [ERROR] ConditionMgr:805 - Attr not supported : Dmpu
2024-10-16 21:05:36,327 [ERROR] ConditionMgr:805 - Attr not supported : Dmpu
2024-10-16 21:05:36,327 [ERROR] ConditionMgr:805 - Attr not supported : Dmpu
2024-10-16 21:05:36,327 [ERROR] ConditionMgr:805 - Attr not supported : Dmpu
2024-10-16 21:05:36,327 [ERROR] ConditionMgr:805 - Attr not supported : Dmpu
2024-10-16 21:05:36,327 [ERROR] ConditionMgr:805 - Attr not supported : Dmpu
2024-10-16 21:05:36,327 [ERROR] ConditionMgr:805 - Attr not supported : Dmpu
2024-10-16 21:05:36,327 [ERROR] ConditionMgr:805 - Attr not supported : Dmpu
2024-10-16 21:05:36,327 [ERROR] ConditionMgr:805 - Attr not supported : Dmpu
2024-10-16 21:05:36,327 [ERROR] ConditionMgr:805 - Attr not supported : Dmpu
2024-10-16 21:05:36,327 [ERROR] ConditionMgr:805 - Attr not supported : Dmpu
2024-10-16 21:05:36,327 [ERROR] ConditionMgr:805 - Attr not supported : Dmpu
2024-10-16 21:05:36,327 [ERROR] ConditionMgr:805 - Attr not supported : Dmpu
2024-10-16 21:05:36,328 [ERROR] ConditionMgr:805 - Attr not supported : Dmpu
2024-10-16 21:05:36,331 [WARN] PackLoader:240 - Cannot read IP mode file for RealThread.X-CUBE-RT-Thread_Nano.4.1.1
2024-10-16 21:05:36,334 [WARN] PackLoader:240 - Cannot read IP mode file for STMicroelectronics.FP-ATR-SIGFOX1.3.2.0
2024-10-16 21:05:36,336 [WARN] PackLoader:240 - Cannot read IP mode file for wolfSSL.I-CUBE-wolfSSL.5.7.2
2024-10-16 21:05:36,339 [WARN] PackLoader:240 - Cannot read IP mode file for STMicroelectronics.X-CUBE-EEPRMA1.5.1.0
2024-10-16 21:05:36,343 [WARN] PackLoader:240 - Cannot read IP mode file for ITTIA_DB.I-CUBE-ITTIADB.8.9.0
2024-10-16 21:05:36,357 [WARN] PackLoader:240 - Cannot read IP mode file for SEGGER.I-CUBE-embOS.1.3.1
2024-10-16 21:05:36,377 [WARN] PackLoader:240 - Cannot read IP mode file for STMicroelectronics.X-CUBE-ALGOBUILD.1.4.0
2024-10-16 21:05:36,380 [WARN] PackLoader:240 - Cannot read IP mode file for STMicroelectronics.X-CUBE-AI.9.1.0
2024-10-16 21:05:36,388 [WARN] PackLoader:240 - Cannot read IP mode file for STMicroelectronics.X-CUBE-AZRTOS-F4.1.1.0
2024-10-16 21:05:36,391 [WARN] PackLoader:240 - Cannot read IP mode file for STMicroelectronics.X-CUBE-ISPU.2.1.0
2024-10-16 21:05:36,395 [WARN] PackLoader:240 - Cannot read IP mode file for STMicroelectronics.X-CUBE-FREERTOS.1.2.0
2024-10-16 21:05:36,402 [WARN] PackLoader:240 - Cannot read IP mode file for STMicroelectronics.X-CUBE-AZRTOS-L5.2.0.0
2024-10-16 21:05:36,407 [WARN] PackLoader:240 - Cannot read IP mode file for STMicroelectronics.X-CUBE-NFC6.3.1.0
2024-10-16 21:05:36,411 [WARN] PackLoader:240 - Cannot read IP mode file for STMicroelectronics.X-CUBE-DPower.1.2.0
2024-10-16 21:05:36,414 [WARN] PackLoader:240 - Cannot read IP mode file for STMicroelectronics.X-CUBE-AI.9.0.0
2024-10-16 21:05:36,417 [WARN] PackLoader:240 - Cannot read IP mode file for STMicroelectronics.X-CUBE-NFC7.1.0.1
2024-10-16 21:05:36,424 [WARN] ConditionMgr:438 - getConditionDescription Invalid condition id : LAN8742 Phy interface Condition cause : null
2024-10-16 21:05:36,425 [WARN] PackLoader:240 - Cannot read IP mode file for STMicroelectronics.X-CUBE-AZRTOS-L4.2.0.0
2024-10-16 21:05:36,426 [WARN] ConditionMgr:1039 - genDependencies : Invalid condition id : LAN8742 Phy interface Condition cause : null
2024-10-16 21:05:36,427 [WARN] ConditionMgr:1039 - genDependencies : Invalid condition id : LAN8742 Phy interface Condition cause : null
2024-10-16 21:05:36,427 [WARN] ConditionMgr:1039 - genDependencies : Invalid condition id : LAN8742 Phy interface Condition cause : null
2024-10-16 21:05:36,433 [WARN] PackLoader:240 - Cannot read IP mode file for STMicroelectronics.X-CUBE-SFXS2LP1.4.0.0
2024-10-16 21:05:36,442 [WARN] PackLoader:240 - Cannot read IP mode file for STMicroelectronics.X-CUBE-AZRTOS-H7.3.3.0
2024-10-16 21:05:36,450 [WARN] PackLoader:240 - Cannot read IP mode file for STMicroelectronics.X-CUBE-IPS.3.0.0
2024-10-16 21:05:36,457 [WARN] ConditionMgr:438 - getConditionDescription Invalid condition id : UX DEVICE CLASS RTOS Condition cause : null
2024-10-16 21:05:36,457 [WARN] ConditionMgr:438 - getConditionDescription Invalid condition id : UX DEVICE CLASS RTOS Condition cause : null
2024-10-16 21:05:36,458 [WARN] PackLoader:240 - Cannot read IP mode file for STMicroelectronics.X-CUBE-AZRTOS-WB.2.0.0
2024-10-16 21:05:36,458 [WARN] ConditionMgr:1039 - genDependencies : Invalid condition id : UX DEVICE CLASS RTOS Condition cause : null
2024-10-16 21:05:36,458 [WARN] ConditionMgr:1039 - genDependencies : Invalid condition id : UX DEVICE CLASS RTOS Condition cause : null
2024-10-16 21:05:36,458 [WARN] ConditionMgr:1039 - genDependencies : Invalid condition id : UX DEVICE CLASS RTOS Condition cause : null
2024-10-16 21:05:36,458 [WARN] ConditionMgr:1039 - genDependencies : Invalid condition id : UX DEVICE CLASS RTOS Condition cause : null
2024-10-16 21:05:36,458 [WARN] ConditionMgr:1039 - genDependencies : Invalid condition id : UX DEVICE CLASS RTOS Condition cause : null
2024-10-16 21:05:36,463 [WARN] PackLoader:240 - Cannot read IP mode file for STMicroelectronics.X-CUBE-GNSS1.7.0.0
2024-10-16 21:05:36,466 [WARN] PackLoader:240 - Cannot read IP mode file for STMicroelectronics.FP-SNS-STBOX1.2.0.0
2024-10-16 21:05:36,472 [WARN] PackLoader:240 - Cannot read IP mode file for STMicroelectronics.X-CUBE-SUBG2.5.0.0
2024-10-16 21:05:36,479 [WARN] PackLoader:240 - Cannot read IP mode file for Cesanta.I-CUBE-Mongoose.7.13.0
2024-10-16 21:05:36,485 [WARN] PackLoader:240 - Cannot read IP mode file for STMicroelectronics.X-CUBE-AZRTOS-G4.2.0.0
2024-10-16 21:05:36,487 [WARN] PackLoader:240 - Cannot read IP mode file for STMicroelectronics.X-CUBE-ISPU.2.0.0
2024-10-16 21:05:36,490 [WARN] PackLoader:240 - Cannot read IP mode file for STMicroelectronics.X-CUBE-ALS.1.0.2
2024-10-16 21:05:36,495 [WARN] PackLoader:240 - Cannot read IP mode file for STMicroelectronics.X-CUBE-TOUCHGFX.4.24.0
2024-10-16 21:05:36,497 [WARN] PackLoader:240 - Cannot read IP mode file for STMicroelectronics.X-CUBE-TOUCHGFX.4.24.1
2024-10-16 21:05:36,499 [WARN] PackLoader:240 - Cannot read IP mode file for wolfSSL.I-CUBE-wolfTPM.3.4.0
2024-10-16 21:05:36,504 [WARN] PackLoader:240 - Cannot read IP mode file for portGmbH.I-Cube-SoM-uGOAL.1.1.0
2024-10-16 21:05:36,513 [WARN] PackLoader:240 - Cannot read IP mode file for STMicroelectronics.X-CUBE-AZRTOS-H7RS.1.0.0
2024-10-16 21:05:36,517 [WARN] PackLoader:240 - Cannot read IP mode file for STMicroelectronics.FP-ATR-ASTRA1.2.0.0
2024-10-16 21:05:36,522 [WARN] PackLoader:240 - Cannot read IP mode file for STMicroelectronics.X-CUBE-TOF1.3.4.2
2024-10-16 21:05:36,537 [WARN] PackLoader:240 - Cannot read IP mode file for Infineon.AIROC-Wi-Fi-Bluetooth-STM32.1.6.1
2024-10-16 21:05:36,541 [WARN] PackLoader:240 - Cannot read IP mode file for wolfSSL.I-CUBE-wolfSSH.1.4.17
2024-10-16 21:05:36,542 [INFO] ThirdParty:978 - Integrity check success = true
2024-10-16 21:05:36,542 [INFO] IntegrityCheckThread:100 - exiting critical section [integrity check]
2024-10-16 21:05:36,542 [INFO] IntegrityCheckThread:103 - End integrity checks thread
2024-10-16 21:13:43,387 [ERROR] LogOutputStream:75 - [STDERR_REDIRECT] 
